  [1m[35m (0.3ms)[0m  [1m[34mSELECT sqlite_version(*)[0m
  [1m[35m (87.2ms)[0m  [1m[35mCREATE TABLE "schema_migrations" ("version" varchar NOT NULL PRIMARY KEY)[0m
  [1m[35m (83.5ms)[0m  [1m[35mCREATE TABLE "ar_internal_metadata" ("key" varchar NOT NULL PRIMARY KEY, "value" varchar, "created_at" datetime NOT NULL, "updated_at" datetime NOT NULL)[0m
  [1m[35m (0.3ms)[0m  [1m[34mSELECT "schema_migrations"."version" FROM "schema_migrations" ORDER BY "schema_migrations"."version" ASC[0m
Migrating to CreateUsers (20170822202752)
  [1m[35m (0.1ms)[0m  [1m[36mbegin transaction[0m
  [1m[35m (0.8ms)[0m  [1m[35mCREATE TABLE "users" ("id" INTEGER PRIMARY KEY AUTOINCREMENT NOT NULL, "name" varchar, "email" varchar, "created_at" datetime NOT NULL, "updated_at" datetime NOT NULL)[0m
  [1m[35mSQL (0.5ms)[0m  [1m[32mINSERT INTO "schema_migrations" ("version") VALUES (?)[0m  [["version", "20170822202752"]]
  [1m[35m (88.3ms)[0m  [1m[36mcommit transaction[0m
  [1m[36mActiveRecord::InternalMetadata Load (0.4ms)[0m  [1m[34mSELECT  "ar_internal_metadata".* FROM "ar_internal_metadata" WHERE "ar_internal_metadata"."key" = ? LIMIT ?[0m  [["key", "environment"], ["LIMIT", 1]]
  [1m[35m (0.1ms)[0m  [1m[36mbegin transaction[0m
  [1m[35mSQL (0.5ms)[0m  [1m[32mINSERT INTO "ar_internal_metadata" ("key", "value", "created_at", "updated_at") VALUES (?, ?, ?, ?)[0m  [["key", "environment"], ["value", "development"], ["created_at", "2017-08-22 20:28:15.629383"], ["updated_at", "2017-08-22 20:28:15.629383"]]
  [1m[35m (73.2ms)[0m  [1m[36mcommit transaction[0m
  [1m[35m (0.3ms)[0m  [1m[34mSELECT "schema_migrations"."version" FROM "schema_migrations" ORDER BY "schema_migrations"."version" ASC[0m
Started GET "/" for 127.0.0.1 at 2017-08-22 17:29:43 -0300
  [1m[35m (0.3ms)[0m  [1m[34mSELECT "schema_migrations"."version" FROM "schema_migrations" ORDER BY "schema_migrations"."version" ASC[0m
Processing by ApplicationController#hello as HTML
  Rendering html template
  Rendered html template (0.1ms)
Completed 200 OK in 38ms (Views: 23.7ms | ActiveRecord: 0.0ms)


Started GET "/users" for 127.0.0.1 at 2017-08-22 17:30:46 -0300
Processing by UsersController#index as HTML
  Rendering users/index.html.erb within layouts/application
  [1m[36mUser Load (0.3ms)[0m  [1m[34mSELECT "users".* FROM "users"[0m
  Rendered users/index.html.erb within layouts/application (20.0ms)
Completed 200 OK in 1474ms (Views: 1454.8ms | ActiveRecord: 1.9ms)


Started GET "/users/new" for 127.0.0.1 at 2017-08-22 17:31:09 -0300
Processing by UsersController#new as HTML
  Rendering users/new.html.erb within layouts/application
  Rendered users/_form.html.erb (126.4ms)
  Rendered users/new.html.erb within layouts/application (128.6ms)
Completed 200 OK in 179ms (Views: 161.4ms | ActiveRecord: 1.1ms)


Started POST "/users" for 127.0.0.1 at 2017-08-22 17:31:33 -0300
Processing by UsersController#create as HTML
  Parameters: {"utf8"=>"✓", "authenticity_token"=>"JCmX9cYUj5lrOVOHttPfqwsHm/k0K8X6W1Xjv98+kwQ+WHK6MHXKIEAlvqMOacMVhgBID7OCCXh/sMA1WXXXVg==", "user"=>{"name"=>"luiz felipe", "email"=>"luizfelipebasile@gmail.com"}, "commit"=>"Create User"}
  [1m[35m (0.1ms)[0m  [1m[36mbegin transaction[0m
  [1m[35mSQL (0.5ms)[0m  [1m[32mINSERT INTO "users" ("name", "email", "created_at", "updated_at") VALUES (?, ?, ?, ?)[0m  [["name", "luiz felipe"], ["email", "luizfelipebasile@gmail.com"], ["created_at", "2017-08-22 20:31:33.537076"], ["updated_at", "2017-08-22 20:31:33.537076"]]
  [1m[35m (106.2ms)[0m  [1m[36mcommit transaction[0m
Redirected to http://localhost:3000/users/1
Completed 302 Found in 119ms (ActiveRecord: 106.8ms)


Started GET "/users/1" for 127.0.0.1 at 2017-08-22 17:31:33 -0300
Processing by UsersController#show as HTML
  Parameters: {"id"=>"1"}
  [1m[36mUser Load (0.5ms)[0m  [1m[34mSELECT  "users".* FROM "users" WHERE "users"."id" = ? LIMIT ?[0m  [["id", 1], ["LIMIT", 1]]
  Rendering users/show.html.erb within layouts/application
  Rendered users/show.html.erb within layouts/application (2.2ms)
Completed 200 OK in 102ms (Views: 45.2ms | ActiveRecord: 0.5ms)


Started GET "/users/1/edit" for 127.0.0.1 at 2017-08-22 17:32:14 -0300
Processing by UsersController#edit as HTML
  Parameters: {"id"=>"1"}
  [1m[36mUser Load (0.3ms)[0m  [1m[34mSELECT  "users".* FROM "users" WHERE "users"."id" = ? LIMIT ?[0m  [["id", 1], ["LIMIT", 1]]
  Rendering users/edit.html.erb within layouts/application
  Rendered users/_form.html.erb (8.0ms)
  Rendered users/edit.html.erb within layouts/application (11.0ms)
Completed 200 OK in 71ms (Views: 67.8ms | ActiveRecord: 0.3ms)


Started GET "/users/1" for 127.0.0.1 at 2017-08-22 17:32:16 -0300
Processing by UsersController#show as HTML
  Parameters: {"id"=>"1"}
  [1m[36mUser Load (0.3ms)[0m  [1m[34mSELECT  "users".* FROM "users" WHERE "users"."id" = ? LIMIT ?[0m  [["id", 1], ["LIMIT", 1]]
  Rendering users/show.html.erb within layouts/application
  Rendered users/show.html.erb within layouts/application (3.5ms)
Completed 200 OK in 56ms (Views: 51.6ms | ActiveRecord: 0.3ms)


Started GET "/users" for 127.0.0.1 at 2017-08-22 17:32:31 -0300
Processing by UsersController#index as HTML
  Rendering users/index.html.erb within layouts/application
  [1m[36mUser Load (0.3ms)[0m  [1m[34mSELECT "users".* FROM "users"[0m
  Rendered users/index.html.erb within layouts/application (4.5ms)
Completed 200 OK in 54ms (Views: 49.8ms | ActiveRecord: 0.3ms)


Started GET "/users" for 127.0.0.1 at 2017-08-22 17:32:37 -0300
Processing by UsersController#index as HTML
  Rendering users/index.html.erb within layouts/application
  [1m[36mUser Load (0.3ms)[0m  [1m[34mSELECT "users".* FROM "users"[0m
  Rendered users/index.html.erb within layouts/application (5.7ms)
Completed 200 OK in 52ms (Views: 47.6ms | ActiveRecord: 0.3ms)


Started GET "/users/new" for 127.0.0.1 at 2017-08-22 17:32:55 -0300
Processing by UsersController#new as HTML
  Rendering users/new.html.erb within layouts/application
  Rendered users/_form.html.erb (3.4ms)
  Rendered users/new.html.erb within layouts/application (5.6ms)
Completed 200 OK in 44ms (Views: 41.8ms | ActiveRecord: 0.0ms)


Started POST "/users" for 127.0.0.1 at 2017-08-22 17:32:59 -0300
Processing by UsersController#create as HTML
  Parameters: {"utf8"=>"✓", "authenticity_token"=>"WKCtxvousHXgu0eyTj9TT6826+TueHy27Fvv6j1b3qdC0UiJDE/1zMunqpb2hU/xIjE4EmnRsDTIvsxguxCa9Q==", "user"=>{"name"=>"user", "email"=>"x"}, "commit"=>"Create User"}
  [1m[35m (0.2ms)[0m  [1m[36mbegin transaction[0m
  [1m[35mSQL (3.0ms)[0m  [1m[32mINSERT INTO "users" ("name", "email", "created_at", "updated_at") VALUES (?, ?, ?, ?)[0m  [["name", "user"], ["email", "x"], ["created_at", "2017-08-22 20:32:59.541252"], ["updated_at", "2017-08-22 20:32:59.541252"]]
  [1m[35m (129.0ms)[0m  [1m[36mcommit transaction[0m
Redirected to http://localhost:3000/users/2
Completed 302 Found in 140ms (ActiveRecord: 132.2ms)


Started GET "/users/2" for 127.0.0.1 at 2017-08-22 17:32:59 -0300
Processing by UsersController#show as HTML
  Parameters: {"id"=>"2"}
  [1m[36mUser Load (0.4ms)[0m  [1m[34mSELECT  "users".* FROM "users" WHERE "users"."id" = ? LIMIT ?[0m  [["id", 2], ["LIMIT", 1]]
  Rendering users/show.html.erb within layouts/application
  Rendered users/show.html.erb within layouts/application (1.7ms)
Completed 200 OK in 41ms (Views: 36.7ms | ActiveRecord: 0.4ms)


Started GET "/users/2/edit" for 127.0.0.1 at 2017-08-22 17:33:47 -0300
Processing by UsersController#edit as HTML
  Parameters: {"id"=>"2"}
  [1m[36mUser Load (0.3ms)[0m  [1m[34mSELECT  "users".* FROM "users" WHERE "users"."id" = ? LIMIT ?[0m  [["id", 2], ["LIMIT", 1]]
  Rendering users/edit.html.erb within layouts/application
  Rendered users/_form.html.erb (3.3ms)
  Rendered users/edit.html.erb within layouts/application (5.1ms)
Completed 200 OK in 36ms (Views: 31.3ms | ActiveRecord: 0.3ms)


Started GET "/users" for 127.0.0.1 at 2017-08-22 17:33:49 -0300
Processing by UsersController#index as HTML
  Rendering users/index.html.erb within layouts/application
  [1m[36mUser Load (0.4ms)[0m  [1m[34mSELECT "users".* FROM "users"[0m
  Rendered users/index.html.erb within layouts/application (3.3ms)
Completed 200 OK in 34ms (Views: 30.3ms | ActiveRecord: 0.4ms)


Started GET "/users/new" for 127.0.0.1 at 2017-08-22 17:37:14 -0300
Processing by UsersController#new as HTML
  Rendering users/new.html.erb within layouts/application
  Rendered users/_form.html.erb (3.4ms)
  Rendered users/new.html.erb within layouts/application (6.1ms)
Completed 200 OK in 36ms (Views: 33.6ms | ActiveRecord: 0.0ms)


Started POST "/users" for 127.0.0.1 at 2017-08-22 17:37:19 -0300
Processing by UsersController#create as HTML
  Parameters: {"utf8"=>"✓", "authenticity_token"=>"IC+HWBpd/ioXZbzVx1vcFvc6NE5a9pJKdsJIETZsWWg6XmIX7Dy7kzx5UfF/4cCoej3nuN1fXshSJ2ubsCcdOg==", "user"=>{"name"=>"lui", "email"=>"lui"}, "commit"=>"Create User"}
  [1m[35m (0.2ms)[0m  [1m[36mbegin transaction[0m
  [1m[35mSQL (2.2ms)[0m  [1m[32mINSERT INTO "users" ("name", "email", "created_at", "updated_at") VALUES (?, ?, ?, ?)[0m  [["name", "lui"], ["email", "lui"], ["created_at", "2017-08-22 20:37:19.919651"], ["updated_at", "2017-08-22 20:37:19.919651"]]
  [1m[35m (115.7ms)[0m  [1m[36mcommit transaction[0m
Redirected to http://localhost:3000/users/3
Completed 302 Found in 126ms (ActiveRecord: 118.2ms)


Started GET "/users/3" for 127.0.0.1 at 2017-08-22 17:37:20 -0300
Processing by UsersController#show as HTML
  Parameters: {"id"=>"3"}
  [1m[36mUser Load (0.3ms)[0m  [1m[34mSELECT  "users".* FROM "users" WHERE "users"."id" = ? LIMIT ?[0m  [["id", 3], ["LIMIT", 1]]
  Rendering users/show.html.erb within layouts/application
  Rendered users/show.html.erb within layouts/application (5.0ms)
Completed 200 OK in 36ms (Views: 32.5ms | ActiveRecord: 0.3ms)


Started GET "/users/3" for 127.0.0.1 at 2017-08-22 17:37:43 -0300
Processing by UsersController#show as HTML
  Parameters: {"id"=>"3"}
  [1m[36mUser Load (0.3ms)[0m  [1m[34mSELECT  "users".* FROM "users" WHERE "users"."id" = ? LIMIT ?[0m  [["id", 3], ["LIMIT", 1]]
  Rendering users/show.html.erb within layouts/application
  Rendered users/show.html.erb within layouts/application (2.1ms)
Completed 200 OK in 36ms (Views: 31.3ms | ActiveRecord: 0.3ms)


Started POST "/users" for 127.0.0.1 at 2017-08-22 17:38:09 -0300
Processing by UsersController#create as HTML
  Parameters: {"utf8"=>"✓", "authenticity_token"=>"IC+HWBpd/ioXZbzVx1vcFvc6NE5a9pJKdsJIETZsWWg6XmIX7Dy7kzx5UfF/4cCoej3nuN1fXshSJ2ubsCcdOg==", "user"=>{"name"=>"lui", "email"=>"lui"}, "commit"=>"Create User"}
  [1m[35m (0.1ms)[0m  [1m[36mbegin transaction[0m
  [1m[35mSQL (1.3ms)[0m  [1m[32mINSERT INTO "users" ("name", "email", "created_at", "updated_at") VALUES (?, ?, ?, ?)[0m  [["name", "lui"], ["email", "lui"], ["created_at", "2017-08-22 20:38:09.650955"], ["updated_at", "2017-08-22 20:38:09.650955"]]
  [1m[35m (65.4ms)[0m  [1m[36mcommit transaction[0m
Redirected to http://localhost:3000/users/4
Completed 302 Found in 77ms (ActiveRecord: 66.8ms)


Started GET "/users/4" for 127.0.0.1 at 2017-08-22 17:38:09 -0300
Processing by UsersController#show as HTML
  Parameters: {"id"=>"4"}
  [1m[36mUser Load (0.4ms)[0m  [1m[34mSELECT  "users".* FROM "users" WHERE "users"."id" = ? LIMIT ?[0m  [["id", 4], ["LIMIT", 1]]
  Rendering users/show.html.erb within layouts/application
  Rendered users/show.html.erb within layouts/application (1.6ms)
Completed 200 OK in 38ms (Views: 33.8ms | ActiveRecord: 0.4ms)


Started GET "/users" for 127.0.0.1 at 2017-08-22 17:40:52 -0300
Processing by UsersController#index as HTML
  Rendering users/index.html.erb within layouts/application
  [1m[36mUser Load (0.5ms)[0m  [1m[34mSELECT "users".* FROM "users"[0m
  Rendered users/index.html.erb within layouts/application (5.3ms)
Completed 200 OK in 35ms (Views: 31.5ms | ActiveRecord: 0.5ms)


Started GET "/users/new" for 127.0.0.1 at 2017-08-22 17:40:55 -0300
Processing by UsersController#new as HTML
  Rendering users/new.html.erb within layouts/application
  Rendered users/_form.html.erb (5.0ms)
  Rendered users/new.html.erb within layouts/application (8.0ms)
Completed 200 OK in 38ms (Views: 35.4ms | ActiveRecord: 0.0ms)


Started POST "/users" for 127.0.0.1 at 2017-08-22 17:40:59 -0300
Processing by UsersController#create as HTML
  Parameters: {"utf8"=>"✓", "authenticity_token"=>"A9Y30eCPhCnE+dVxsGmF9dFOFFWfigJCXP2iV+XbvKYZp9KeFu7BkO/lOFUI05lLXEnHoxgjzsB4GIHdY5D49A==", "user"=>{"name"=>"sa", "email"=>""}, "commit"=>"Create User"}
  [1m[35m (0.1ms)[0m  [1m[36mbegin transaction[0m
  [1m[35mSQL (1.1ms)[0m  [1m[32mINSERT INTO "users" ("name", "email", "created_at", "updated_at") VALUES (?, ?, ?, ?)[0m  [["name", "sa"], ["email", ""], ["created_at", "2017-08-22 20:40:59.873768"], ["updated_at", "2017-08-22 20:40:59.873768"]]
  [1m[35m (175.3ms)[0m  [1m[36mcommit transaction[0m
Redirected to http://localhost:3000/users/5
Completed 302 Found in 183ms (ActiveRecord: 176.5ms)


Started GET "/users/5" for 127.0.0.1 at 2017-08-22 17:41:00 -0300
Processing by UsersController#show as HTML
  Parameters: {"id"=>"5"}
  [1m[36mUser Load (0.3ms)[0m  [1m[34mSELECT  "users".* FROM "users" WHERE "users"."id" = ? LIMIT ?[0m  [["id", 5], ["LIMIT", 1]]
  Rendering users/show.html.erb within layouts/application
  Rendered users/show.html.erb within layouts/application (2.1ms)
Completed 200 OK in 36ms (Views: 32.0ms | ActiveRecord: 0.3ms)


Started GET "/users" for 127.0.0.1 at 2017-08-22 17:43:26 -0300
Processing by UsersController#index as HTML
  Rendering users/index.html.erb within layouts/application
  [1m[36mUser Load (0.3ms)[0m  [1m[34mSELECT "users".* FROM "users"[0m
  Rendered users/index.html.erb within layouts/application (4.7ms)
Completed 200 OK in 51ms (Views: 47.9ms | ActiveRecord: 0.3ms)


Started GET "/users/new" for 127.0.0.1 at 2017-08-22 17:43:28 -0300
Processing by UsersController#new as HTML
  Rendering users/new.html.erb within layouts/application
  Rendered users/_form.html.erb (4.8ms)
  Rendered users/new.html.erb within layouts/application (6.6ms)
Completed 200 OK in 44ms (Views: 42.1ms | ActiveRecord: 0.0ms)


Started POST "/users" for 127.0.0.1 at 2017-08-22 17:43:42 -0300
Processing by UsersController#create as HTML
  Parameters: {"utf8"=>"✓", "authenticity_token"=>"3ibNR8RvyVMQBVuYly2w0Y47IfFaSRdsdJD8hefd/CjEVygIMg6M6jsZtrwvl6xvAzzyB93g2+5Qdd8PYZa4eg==", "user"=>{"name"=>"sodkfskf", "email"=>"@hotmail.com"}, "commit"=>"Create User"}
  [1m[35m (0.2ms)[0m  [1m[36mbegin transaction[0m
  [1m[35mSQL (2.8ms)[0m  [1m[32mINSERT INTO "users" ("name", "email", "created_at", "updated_at") VALUES (?, ?, ?, ?)[0m  [["name", "sodkfskf"], ["email", "@hotmail.com"], ["created_at", "2017-08-22 20:43:42.628880"], ["updated_at", "2017-08-22 20:43:42.628880"]]
  [1m[35m (119.1ms)[0m  [1m[36mcommit transaction[0m
Redirected to http://localhost:3000/users/6
Completed 302 Found in 131ms (ActiveRecord: 122.1ms)


Started GET "/users/6" for 127.0.0.1 at 2017-08-22 17:43:42 -0300
Processing by UsersController#show as HTML
  Parameters: {"id"=>"6"}
  [1m[36mUser Load (0.3ms)[0m  [1m[34mSELECT  "users".* FROM "users" WHERE "users"."id" = ? LIMIT ?[0m  [["id", 6], ["LIMIT", 1]]
  Rendering users/show.html.erb within layouts/application
  Rendered users/show.html.erb within layouts/application (1.8ms)
Completed 200 OK in 35ms (Views: 30.7ms | ActiveRecord: 0.3ms)


Started GET "/users/6/edit" for 127.0.0.1 at 2017-08-22 18:05:08 -0300
Processing by UsersController#edit as HTML
  Parameters: {"id"=>"6"}
  [1m[36mUser Load (0.3ms)[0m  [1m[34mSELECT  "users".* FROM "users" WHERE "users"."id" = ? LIMIT ?[0m  [["id", 6], ["LIMIT", 1]]
  Rendering users/edit.html.erb within layouts/application
  Rendered users/_form.html.erb (3.3ms)
  Rendered users/edit.html.erb within layouts/application (5.3ms)
Completed 200 OK in 34ms (Views: 30.3ms | ActiveRecord: 0.3ms)


Started GET "/users/6" for 127.0.0.1 at 2017-08-22 18:05:11 -0300
Processing by UsersController#show as HTML
  Parameters: {"id"=>"6"}
  [1m[36mUser Load (0.3ms)[0m  [1m[34mSELECT  "users".* FROM "users" WHERE "users"."id" = ? LIMIT ?[0m  [["id", 6], ["LIMIT", 1]]
  Rendering users/show.html.erb within layouts/application
  Rendered users/show.html.erb within layouts/application (1.0ms)
Completed 200 OK in 29ms (Views: 25.2ms | ActiveRecord: 0.3ms)


Started GET "/users" for 127.0.0.1 at 2017-08-22 18:05:12 -0300
Processing by UsersController#index as HTML
  Rendering users/index.html.erb within layouts/application
  [1m[36mUser Load (0.5ms)[0m  [1m[34mSELECT "users".* FROM "users"[0m
  Rendered users/index.html.erb within layouts/application (6.2ms)
Completed 200 OK in 34ms (Views: 31.0ms | ActiveRecord: 0.5ms)


Started DELETE "/users/5" for 127.0.0.1 at 2017-08-22 18:05:20 -0300
Processing by UsersController#destroy as HTML
  Parameters: {"authenticity_token"=>"FgY4k2DG74WriO+ASVk7L8qpQfzf8Ipe1mFkQ0u1T2mB5rIGjcPgJdrmTUCIJ3zIlUVkziDZWOm9Th6fJ+ZQtg==", "id"=>"5"}
  [1m[36mUser Load (0.3ms)[0m  [1m[34mSELECT  "users".* FROM "users" WHERE "users"."id" = ? LIMIT ?[0m  [["id", 5], ["LIMIT", 1]]
  [1m[35m (0.1ms)[0m  [1m[36mbegin transaction[0m
  [1m[35mSQL (0.5ms)[0m  [1m[31mDELETE FROM "users" WHERE "users"."id" = ?[0m  [["id", 5]]
  [1m[35m (64.0ms)[0m  [1m[36mcommit transaction[0m
Redirected to http://localhost:3000/users
Completed 302 Found in 72ms (ActiveRecord: 64.8ms)


Started GET "/users" for 127.0.0.1 at 2017-08-22 18:05:20 -0300
Processing by UsersController#index as HTML
  Rendering users/index.html.erb within layouts/application
  [1m[36mUser Load (0.4ms)[0m  [1m[34mSELECT "users".* FROM "users"[0m
  Rendered users/index.html.erb within layouts/application (3.8ms)
Completed 200 OK in 34ms (Views: 30.6ms | ActiveRecord: 0.4ms)


  [1m[35m (0.5ms)[0m  [1m[34mSELECT "schema_migrations"."version" FROM "schema_migrations" ORDER BY "schema_migrations"."version" ASC[0m
Migrating to CreateMicroposts (20170822212516)
  [1m[35m (0.1ms)[0m  [1m[36mbegin transaction[0m
  [1m[35m (0.2ms)[0m  [1m[34mSELECT sqlite_version(*)[0m
  [1m[35m (0.5ms)[0m  [1m[35mCREATE TABLE "microposts" ("id" INTEGER PRIMARY KEY AUTOINCREMENT NOT NULL, "content" text, "user_id" integer, "created_at" datetime NOT NULL, "updated_at" datetime NOT NULL)[0m
  [1m[35mSQL (0.5ms)[0m  [1m[32mINSERT INTO "schema_migrations" ("version") VALUES (?)[0m  [["version", "20170822212516"]]
  [1m[35m (93.2ms)[0m  [1m[36mcommit transaction[0m
  [1m[36mActiveRecord::InternalMetadata Load (0.7ms)[0m  [1m[34mSELECT  "ar_internal_metadata".* FROM "ar_internal_metadata" WHERE "ar_internal_metadata"."key" = ? LIMIT ?[0m  [["key", "environment"], ["LIMIT", 1]]
  [1m[35m (0.1ms)[0m  [1m[36mbegin transaction[0m
  [1m[35m (0.1ms)[0m  [1m[36mcommit transaction[0m
  [1m[35m (0.3ms)[0m  [1m[34mSELECT "schema_migrations"."version" FROM "schema_migrations" ORDER BY "schema_migrations"."version" ASC[0m
Started GET "/users" for 127.0.0.1 at 2017-08-22 18:27:25 -0300
  [1m[35m (0.3ms)[0m  [1m[34mSELECT "schema_migrations"."version" FROM "schema_migrations" ORDER BY "schema_migrations"."version" ASC[0m
Processing by UsersController#index as HTML
  Rendering users/index.html.erb within layouts/application
  [1m[36mUser Load (0.3ms)[0m  [1m[34mSELECT "users".* FROM "users"[0m
  Rendered users/index.html.erb within layouts/application (15.0ms)
Completed 200 OK in 85ms (Views: 79.0ms | ActiveRecord: 1.3ms)


Started GET "/micropost/new" for 127.0.0.1 at 2017-08-22 18:27:37 -0300
  
ActionController::RoutingError (No route matches [GET] "/micropost/new"):
  
actionpack (5.1.2) lib/action_dispatch/middleware/debug_exceptions.rb:63:in `call'
web-console (3.5.1) lib/web_console/middleware.rb:135:in `call_app'
web-console (3.5.1) lib/web_console/middleware.rb:28:in `block in call'
web-console (3.5.1) lib/web_console/middleware.rb:18:in `catch'
web-console (3.5.1) lib/web_console/middleware.rb:18:in `call'
actionpack (5.1.2) lib/action_dispatch/middleware/show_exceptions.rb:31:in `call'
railties (5.1.2) lib/rails/rack/logger.rb:36:in `call_app'
railties (5.1.2) lib/rails/rack/logger.rb:24:in `block in call'
activesupport (5.1.2) lib/active_support/tagged_logging.rb:69:in `block in tagged'
activesupport (5.1.2) lib/active_support/tagged_logging.rb:26:in `tagged'
activesupport (5.1.2) lib/active_support/tagged_logging.rb:69:in `tagged'
railties (5.1.2) lib/rails/rack/logger.rb:24:in `call'
sprockets-rails (3.2.0) lib/sprockets/rails/quiet_assets.rb:13:in `call'
actionpack (5.1.2) lib/action_dispatch/middleware/remote_ip.rb:79:in `call'
actionpack (5.1.2) lib/action_dispatch/middleware/request_id.rb:25:in `call'
rack (2.0.3) lib/rack/method_override.rb:22:in `call'
rack (2.0.3) lib/rack/runtime.rb:22:in `call'
activesupport (5.1.2) lib/active_support/cache/strategy/local_cache_middleware.rb:27:in `call'
actionpack (5.1.2) lib/action_dispatch/middleware/executor.rb:12:in `call'
actionpack (5.1.2) lib/action_dispatch/middleware/static.rb:125:in `call'
rack (2.0.3) lib/rack/sendfile.rb:111:in `call'
railties (5.1.2) lib/rails/engine.rb:522:in `call'
puma (3.9.1) lib/puma/configuration.rb:224:in `call'
puma (3.9.1) lib/puma/server.rb:602:in `handle_request'
puma (3.9.1) lib/puma/server.rb:435:in `process_client'
puma (3.9.1) lib/puma/server.rb:299:in `block in run'
puma (3.9.1) lib/puma/thread_pool.rb:120:in `block in spawn_thread'
Started GET "/microposts/new" for 127.0.0.1 at 2017-08-22 18:27:44 -0300
Processing by MicropostsController#new as HTML
  Rendering microposts/new.html.erb within layouts/application
  Rendered microposts/_form.html.erb (23.5ms)
  Rendered microposts/new.html.erb within layouts/application (25.6ms)
Completed 200 OK in 75ms (Views: 58.9ms | ActiveRecord: 1.2ms)


Started POST "/microposts" for 127.0.0.1 at 2017-08-22 18:28:00 -0300
Processing by MicropostsController#create as HTML
  Parameters: {"utf8"=>"✓", "authenticity_token"=>"GE4iXj+8gZKs/zf0GAHf4OwonarqNJMm80PEAKDYkaKPrqjL0rmOMt2RlTTZf5gHs8S4mBUdQZGYbL7czIuOfQ==", "micropost"=>{"content"=>"Firste micropost", "user_id"=>"1"}, "commit"=>"Create Micropost"}
  [1m[35m (0.1ms)[0m  [1m[36mbegin transaction[0m
  [1m[35mSQL (2.0ms)[0m  [1m[32mINSERT INTO "microposts" ("content", "user_id", "created_at", "updated_at") VALUES (?, ?, ?, ?)[0m  [["content", "Firste micropost"], ["user_id", 1], ["created_at", "2017-08-22 21:28:00.761020"], ["updated_at", "2017-08-22 21:28:00.761020"]]
  [1m[35m (64.3ms)[0m  [1m[36mcommit transaction[0m
Redirected to http://localhost:3000/microposts/1
Completed 302 Found in 76ms (ActiveRecord: 66.5ms)


Started GET "/microposts/1" for 127.0.0.1 at 2017-08-22 18:28:00 -0300
Processing by MicropostsController#show as HTML
  Parameters: {"id"=>"1"}
  [1m[36mMicropost Load (0.4ms)[0m  [1m[34mSELECT  "microposts".* FROM "microposts" WHERE "microposts"."id" = ? LIMIT ?[0m  [["id", 1], ["LIMIT", 1]]
  Rendering microposts/show.html.erb within layouts/application
  Rendered microposts/show.html.erb within layouts/application (1.5ms)
Completed 200 OK in 37ms (Views: 32.2ms | ActiveRecord: 0.4ms)


Started GET "/microposts" for 127.0.0.1 at 2017-08-22 18:28:25 -0300
Processing by MicropostsController#index as HTML
  Rendering microposts/index.html.erb within layouts/application
  [1m[36mMicropost Load (0.4ms)[0m  [1m[34mSELECT "microposts".* FROM "microposts"[0m
  Rendered microposts/index.html.erb within layouts/application (4.5ms)
Completed 200 OK in 33ms (Views: 30.5ms | ActiveRecord: 0.4ms)


Started GET "/microposts/new" for 127.0.0.1 at 2017-08-22 18:28:27 -0300
Processing by MicropostsController#new as HTML
  Rendering microposts/new.html.erb within layouts/application
  Rendered microposts/_form.html.erb (2.9ms)
  Rendered microposts/new.html.erb within layouts/application (4.3ms)
Completed 200 OK in 37ms (Views: 34.2ms | ActiveRecord: 0.0ms)


Started POST "/microposts" for 127.0.0.1 at 2017-08-22 18:28:33 -0300
Processing by MicropostsController#create as HTML
  Parameters: {"utf8"=>"✓", "authenticity_token"=>"ww5JeISkbZa6ostGboG+cOJzssfI0jqJj06huBXd/Nx4xg1VIBlRc5c4sfcQpgmUE0yd0LgbtigEMpgiLoaBJQ==", "micropost"=>{"content"=>"Second micropost", "user_id"=>"2"}, "commit"=>"Create Micropost"}
  [1m[35m (0.2ms)[0m  [1m[36mbegin transaction[0m
  [1m[35mSQL (1.8ms)[0m  [1m[32mINSERT INTO "microposts" ("content", "user_id", "created_at", "updated_at") VALUES (?, ?, ?, ?)[0m  [["content", "Second micropost"], ["user_id", 2], ["created_at", "2017-08-22 21:28:33.445862"], ["updated_at", "2017-08-22 21:28:33.445862"]]
  [1m[35m (64.6ms)[0m  [1m[36mcommit transaction[0m
Redirected to http://localhost:3000/microposts/2
Completed 302 Found in 74ms (ActiveRecord: 66.6ms)


Started GET "/microposts/2" for 127.0.0.1 at 2017-08-22 18:28:33 -0300
Processing by MicropostsController#show as HTML
  Parameters: {"id"=>"2"}
  [1m[36mMicropost Load (0.3ms)[0m  [1m[34mSELECT  "microposts".* FROM "microposts" WHERE "microposts"."id" = ? LIMIT ?[0m  [["id", 2], ["LIMIT", 1]]
  Rendering microposts/show.html.erb within layouts/application
  Rendered microposts/show.html.erb within layouts/application (1.5ms)
Completed 200 OK in 48ms (Views: 44.0ms | ActiveRecord: 0.3ms)


Started GET "/microposts" for 127.0.0.1 at 2017-08-22 18:28:37 -0300
Processing by MicropostsController#index as HTML
  Rendering microposts/index.html.erb within layouts/application
  [1m[36mMicropost Load (0.4ms)[0m  [1m[34mSELECT "microposts".* FROM "microposts"[0m
  Rendered microposts/index.html.erb within layouts/application (5.3ms)
Completed 200 OK in 38ms (Views: 35.0ms | ActiveRecord: 0.4ms)


Started GET "/microposts/new" for 127.0.0.1 at 2017-08-22 18:32:00 -0300
Processing by MicropostsController#new as HTML
  Rendering microposts/new.html.erb within layouts/application
  Rendered microposts/_form.html.erb (5.1ms)
  Rendered microposts/new.html.erb within layouts/application (7.3ms)
Completed 200 OK in 39ms (Views: 36.7ms | ActiveRecord: 0.0ms)


Started POST "/microposts" for 127.0.0.1 at 2017-08-22 18:32:02 -0300
Processing by MicropostsController#create as HTML
  Parameters: {"utf8"=>"✓", "authenticity_token"=>"4VSoMBh9XLY6B+W0cgMpiOpwP/fR+BEz94khgliE7xhanOwdvMBgUxednwUMJJ5sG08Q4KExnZJ89RgYY9+S4Q==", "micropost"=>{"content"=>"", "user_id"=>""}, "commit"=>"Create Micropost"}
  [1m[35m (0.2ms)[0m  [1m[36mbegin transaction[0m
  [1m[35mSQL (0.7ms)[0m  [1m[32mINSERT INTO "microposts" ("content", "created_at", "updated_at") VALUES (?, ?, ?)[0m  [["content", ""], ["created_at", "2017-08-22 21:32:02.841334"], ["updated_at", "2017-08-22 21:32:02.841334"]]
  [1m[35m (62.0ms)[0m  [1m[36mcommit transaction[0m
Redirected to http://localhost:3000/microposts/3
Completed 302 Found in 73ms (ActiveRecord: 62.9ms)


Started GET "/microposts/3" for 127.0.0.1 at 2017-08-22 18:32:02 -0300
Processing by MicropostsController#show as HTML
  Parameters: {"id"=>"3"}
  [1m[36mMicropost Load (0.3ms)[0m  [1m[34mSELECT  "microposts".* FROM "microposts" WHERE "microposts"."id" = ? LIMIT ?[0m  [["id", 3], ["LIMIT", 1]]
  Rendering microposts/show.html.erb within layouts/application
  Rendered microposts/show.html.erb within layouts/application (1.6ms)
Completed 200 OK in 45ms (Views: 41.7ms | ActiveRecord: 0.3ms)


Started GET "/microposts" for 127.0.0.1 at 2017-08-22 18:32:42 -0300
Processing by MicropostsController#index as HTML
  Rendering microposts/index.html.erb within layouts/application
  [1m[36mMicropost Load (0.3ms)[0m  [1m[34mSELECT "microposts".* FROM "microposts"[0m
  Rendered microposts/index.html.erb within layouts/application (6.3ms)
Completed 200 OK in 48ms (Views: 44.7ms | ActiveRecord: 0.3ms)


Started GET "/microposts/new" for 127.0.0.1 at 2017-08-22 18:32:44 -0300
Processing by MicropostsController#new as HTML
  Rendering microposts/new.html.erb within layouts/application
  Rendered microposts/_form.html.erb (3.5ms)
  Rendered microposts/new.html.erb within layouts/application (6.0ms)
Completed 200 OK in 38ms (Views: 35.2ms | ActiveRecord: 0.0ms)


Started POST "/microposts" for 127.0.0.1 at 2017-08-22 18:32:48 -0300
Processing by MicropostsController#create as HTML
  Parameters: {"utf8"=>"✓", "authenticity_token"=>"mdFrGpBrowqK0k3kUaQ2I7JWFnVleEMoXBfFyzYQHFgiGS83NNaf76dIN1Uvg4HHQ2k5YhWxz4nXa/xRDUthoQ==", "micropost"=>{"content"=>"(say, the first paragraph from the Wikipedia article on Ruby).", "user_id"=>""}, "commit"=>"Create Micropost"}
  [1m[35m (0.3ms)[0m  [1m[36mbegin transaction[0m
  [1m[35mSQL (0.6ms)[0m  [1m[32mINSERT INTO "microposts" ("content", "created_at", "updated_at") VALUES (?, ?, ?)[0m  [["content", "(say, the first paragraph from the Wikipedia article on Ruby)."], ["created_at", "2017-08-22 21:32:48.666469"], ["updated_at", "2017-08-22 21:32:48.666469"]]
  [1m[35m (166.6ms)[0m  [1m[36mcommit transaction[0m
Redirected to http://localhost:3000/microposts/4
Completed 302 Found in 176ms (ActiveRecord: 167.5ms)


Started GET "/microposts/4" for 127.0.0.1 at 2017-08-22 18:32:48 -0300
Processing by MicropostsController#show as HTML
  Parameters: {"id"=>"4"}
  [1m[36mMicropost Load (0.3ms)[0m  [1m[34mSELECT  "microposts".* FROM "microposts" WHERE "microposts"."id" = ? LIMIT ?[0m  [["id", 4], ["LIMIT", 1]]
  Rendering microposts/show.html.erb within layouts/application
  Rendered microposts/show.html.erb within layouts/application (1.7ms)
Completed 200 OK in 32ms (Views: 28.4ms | ActiveRecord: 0.3ms)


Started GET "/microposts" for 127.0.0.1 at 2017-08-22 18:33:04 -0300
Processing by MicropostsController#index as HTML
  Rendering microposts/index.html.erb within layouts/application
  [1m[36mMicropost Load (0.4ms)[0m  [1m[34mSELECT "microposts".* FROM "microposts"[0m
  Rendered microposts/index.html.erb within layouts/application (4.9ms)
Completed 200 OK in 38ms (Views: 34.9ms | ActiveRecord: 0.4ms)


Started GET "/microposts/new" for 127.0.0.1 at 2017-08-22 18:33:06 -0300
Processing by MicropostsController#new as HTML
  Rendering microposts/new.html.erb within layouts/application
  Rendered microposts/_form.html.erb (3.1ms)
  Rendered microposts/new.html.erb within layouts/application (4.8ms)
Completed 200 OK in 40ms (Views: 37.5ms | ActiveRecord: 0.0ms)


Started POST "/microposts" for 127.0.0.1 at 2017-08-22 18:34:04 -0300
Processing by MicropostsController#create as HTML
  Parameters: {"utf8"=>"✓", "authenticity_token"=>"z08WF0t6C683TcZjEWVLUo+2oRAc7Vt/rHxdSeIkaxh0h1I678c3ShrXvNJvQvy2fomOB2wk194nAGTT2X8W4Q==", "micropost"=>{"content"=>"12345678912345678912123456789123456789121234567891234567891212345678912345678912123456789123456789121234567891234567891212345678912345678901", "user_id"=>""}, "commit"=>"Create Micropost"}
  [1m[35m (0.2ms)[0m  [1m[36mbegin transaction[0m
  [1m[35mSQL (2.7ms)[0m  [1m[32mINSERT INTO "microposts" ("content", "created_at", "updated_at") VALUES (?, ?, ?)[0m  [["content", "12345678912345678912123456789123456789121234567891234567891212345678912345678912123456789123456789121234567891234567891212345678912345678901"], ["created_at", "2017-08-22 21:34:04.624065"], ["updated_at", "2017-08-22 21:34:04.624065"]]
  [1m[35m (67.8ms)[0m  [1m[36mcommit transaction[0m
Redirected to http://localhost:3000/microposts/5
Completed 302 Found in 79ms (ActiveRecord: 70.7ms)


Started GET "/microposts/5" for 127.0.0.1 at 2017-08-22 18:34:04 -0300
Processing by MicropostsController#show as HTML
  Parameters: {"id"=>"5"}
  [1m[36mMicropost Load (0.3ms)[0m  [1m[34mSELECT  "microposts".* FROM "microposts" WHERE "microposts"."id" = ? LIMIT ?[0m  [["id", 5], ["LIMIT", 1]]
  Rendering microposts/show.html.erb within layouts/application
  Rendered microposts/show.html.erb within layouts/application (1.2ms)
Completed 200 OK in 37ms (Views: 32.6ms | ActiveRecord: 0.3ms)


Started GET "/microposts" for 127.0.0.1 at 2017-08-22 18:34:09 -0300
Processing by MicropostsController#index as HTML
  Rendering microposts/index.html.erb within layouts/application
  [1m[36mMicropost Load (0.5ms)[0m  [1m[34mSELECT "microposts".* FROM "microposts"[0m
  Rendered microposts/index.html.erb within layouts/application (5.3ms)
Completed 200 OK in 54ms (Views: 50.8ms | ActiveRecord: 0.5ms)


Started GET "/microposts/new" for 127.0.0.1 at 2017-08-22 18:34:12 -0300
Processing by MicropostsController#new as HTML
  Rendering microposts/new.html.erb within layouts/application
  Rendered microposts/_form.html.erb (3.0ms)
  Rendered microposts/new.html.erb within layouts/application (4.6ms)
Completed 200 OK in 38ms (Views: 35.4ms | ActiveRecord: 0.0ms)


Started POST "/microposts" for 127.0.0.1 at 2017-08-22 18:34:17 -0300
Processing by MicropostsController#create as HTML
  Parameters: {"utf8"=>"✓", "authenticity_token"=>"LYRX6OP6fH4Twzts5V+On2spLV0QzsuI92b1RytjLEmWTBPFR0dAmz5ZQd2beDl7mhYCSmAHRyl8GszdEDhRsA==", "micropost"=>{"content"=>"123456789123456789121234567891234567891212345678912345678912123456789123456789121234567891234567891212345678912345678912123456789123456789011234567891234567891212345678912345678912123456789123456789121234567891234567891212345678912345678912123456789123456781234567891234567891212345678912345678912123456789123456789121234567891234567891212345678912345678912123456789123456789121234567891234567890191212345678912345678901", "user_id"=>""}, "commit"=>"Create Micropost"}
  [1m[35m (0.1ms)[0m  [1m[36mbegin transaction[0m
  [1m[35mSQL (2.1ms)[0m  [1m[32mINSERT INTO "microposts" ("content", "created_at", "updated_at") VALUES (?, ?, ?)[0m  [["content", "123456789123456789121234567891234567891212345678912345678912123456789123456789121234567891234567891212345678912345678912123456789123456789011234567891234567891212345678912345678912123456789123456789121234567891234567891212345678912345678912123456789123456781234567891234567891212345678912345678912123456789123456789121234567891234567891212345678912345678912123456789123456789121234567891234567890191212345678912345678901"], ["created_at", "2017-08-22 21:34:17.320401"], ["updated_at", "2017-08-22 21:34:17.320401"]]
  [1m[35m (109.0ms)[0m  [1m[36mcommit transaction[0m
Redirected to http://localhost:3000/microposts/6
Completed 302 Found in 118ms (ActiveRecord: 111.2ms)


Started GET "/microposts/6" for 127.0.0.1 at 2017-08-22 18:34:17 -0300
Processing by MicropostsController#show as HTML
  Parameters: {"id"=>"6"}
  [1m[36mMicropost Load (0.2ms)[0m  [1m[34mSELECT  "microposts".* FROM "microposts" WHERE "microposts"."id" = ? LIMIT ?[0m  [["id", 6], ["LIMIT", 1]]
  Rendering microposts/show.html.erb within layouts/application
  Rendered microposts/show.html.erb within layouts/application (1.4ms)
Completed 200 OK in 35ms (Views: 31.9ms | ActiveRecord: 0.2ms)


Started GET "/microposts" for 127.0.0.1 at 2017-08-22 18:34:23 -0300
Processing by MicropostsController#index as HTML
  Rendering microposts/index.html.erb within layouts/application
  [1m[36mMicropost Load (0.4ms)[0m  [1m[34mSELECT "microposts".* FROM "microposts"[0m
  Rendered microposts/index.html.erb within layouts/application (4.4ms)
Completed 200 OK in 37ms (Views: 33.9ms | ActiveRecord: 0.4ms)


Started GET "/microposts" for 127.0.0.1 at 2017-08-22 18:34:43 -0300
Processing by MicropostsController#index as HTML
  Rendering microposts/index.html.erb within layouts/application
  [1m[36mMicropost Load (0.5ms)[0m  [1m[34mSELECT "microposts".* FROM "microposts"[0m
  Rendered microposts/index.html.erb within layouts/application (5.6ms)
Completed 200 OK in 51ms (Views: 47.6ms | ActiveRecord: 0.5ms)


Started GET "/microposts" for 127.0.0.1 at 2017-08-22 18:34:58 -0300
Processing by MicropostsController#index as HTML
  Rendering microposts/index.html.erb within layouts/application
  [1m[36mMicropost Load (0.3ms)[0m  [1m[34mSELECT "microposts".* FROM "microposts"[0m
  Rendered microposts/index.html.erb within layouts/application (4.0ms)
Completed 200 OK in 39ms (Views: 37.2ms | ActiveRecord: 0.3ms)


Started DELETE "/microposts/6" for 127.0.0.1 at 2017-08-22 18:35:12 -0300
Processing by MicropostsController#destroy as HTML
  Parameters: {"authenticity_token"=>"mnxt9olGldat3o3/nAp9+nwErDiBxYcAfcLhfuAxsPcNnOdjZEOadtywLz9ddDodI+iJCn7sVbcW7ZuijGKvKA==", "id"=>"6"}
  [1m[36mMicropost Load (0.3ms)[0m  [1m[34mSELECT  "microposts".* FROM "microposts" WHERE "microposts"."id" = ? LIMIT ?[0m  [["id", 6], ["LIMIT", 1]]
  [1m[35m (0.1ms)[0m  [1m[36mbegin transaction[0m
  [1m[35mSQL (0.6ms)[0m  [1m[31mDELETE FROM "microposts" WHERE "microposts"."id" = ?[0m  [["id", 6]]
  [1m[35m (64.6ms)[0m  [1m[36mcommit transaction[0m
Redirected to http://localhost:3000/microposts
Completed 302 Found in 74ms (ActiveRecord: 65.6ms)


Started GET "/microposts" for 127.0.0.1 at 2017-08-22 18:35:12 -0300
Processing by MicropostsController#index as HTML
  Rendering microposts/index.html.erb within layouts/application
  [1m[36mMicropost Load (0.4ms)[0m  [1m[34mSELECT "microposts".* FROM "microposts"[0m
  Rendered microposts/index.html.erb within layouts/application (4.3ms)
Completed 200 OK in 38ms (Views: 35.9ms | ActiveRecord: 0.4ms)


Started DELETE "/microposts/5" for 127.0.0.1 at 2017-08-22 18:35:44 -0300
Processing by MicropostsController#destroy as HTML
  Parameters: {"authenticity_token"=>"mte2ZAxRbjiWt16Q45MWBAOq7S+e/0e2QJzbb/yhnO8NNzzx4VRhmOfZ/FAi7VHjXEbIHWHWlQErs6GzkPKDMA==", "id"=>"5"}
  [1m[36mMicropost Load (0.3ms)[0m  [1m[34mSELECT  "microposts".* FROM "microposts" WHERE "microposts"."id" = ? LIMIT ?[0m  [["id", 5], ["LIMIT", 1]]
  [1m[35m (0.1ms)[0m  [1m[36mbegin transaction[0m
  [1m[35mSQL (0.6ms)[0m  [1m[31mDELETE FROM "microposts" WHERE "microposts"."id" = ?[0m  [["id", 5]]
  [1m[35m (68.5ms)[0m  [1m[36mcommit transaction[0m
Redirected to http://localhost:3000/microposts
Completed 302 Found in 76ms (ActiveRecord: 69.5ms)


Started GET "/microposts" for 127.0.0.1 at 2017-08-22 18:35:44 -0300
Processing by MicropostsController#index as HTML
  Rendering microposts/index.html.erb within layouts/application
  [1m[36mMicropost Load (0.7ms)[0m  [1m[34mSELECT "microposts".* FROM "microposts"[0m
  Rendered microposts/index.html.erb within layouts/application (4.9ms)
Completed 200 OK in 39ms (Views: 36.5ms | ActiveRecord: 0.7ms)


Started DELETE "/microposts/1" for 127.0.0.1 at 2017-08-22 18:35:47 -0300
Processing by MicropostsController#destroy as HTML
  Parameters: {"authenticity_token"=>"QECdpsI9dDWcjWmWMfRmh5PEvoEY6sEnJfsNFIX/8AHXoBczLzh7le3jy1bwiiFgzCibs+fDE5BO1HfI6azv3g==", "id"=>"1"}
  [1m[36mMicropost Load (0.2ms)[0m  [1m[34mSELECT  "microposts".* FROM "microposts" WHERE "microposts"."id" = ? LIMIT ?[0m  [["id", 1], ["LIMIT", 1]]
  [1m[35m (0.1ms)[0m  [1m[36mbegin transaction[0m
  [1m[35mSQL (2.7ms)[0m  [1m[31mDELETE FROM "microposts" WHERE "microposts"."id" = ?[0m  [["id", 1]]
  [1m[35m (118.8ms)[0m  [1m[36mcommit transaction[0m
Redirected to http://localhost:3000/microposts
Completed 302 Found in 127ms (ActiveRecord: 121.9ms)


Started GET "/microposts" for 127.0.0.1 at 2017-08-22 18:35:47 -0300
Processing by MicropostsController#index as HTML
  Rendering microposts/index.html.erb within layouts/application
  [1m[36mMicropost Load (0.5ms)[0m  [1m[34mSELECT "microposts".* FROM "microposts"[0m
  Rendered microposts/index.html.erb within layouts/application (5.0ms)
Completed 200 OK in 37ms (Views: 34.6ms | ActiveRecord: 0.5ms)


Started DELETE "/microposts/2" for 127.0.0.1 at 2017-08-22 18:35:49 -0300
Processing by MicropostsController#destroy as HTML
  Parameters: {"authenticity_token"=>"GJAghnd/297sF//AT8zT526hXedfo8Nnsx9TNQtMLcKPcKoTmnrUfp15XQCOspQAMU141aCKEdDYMCnpZx8yHQ==", "id"=>"2"}
  [1m[36mMicropost Load (0.3ms)[0m  [1m[34mSELECT  "microposts".* FROM "microposts" WHERE "microposts"."id" = ? LIMIT ?[0m  [["id", 2], ["LIMIT", 1]]
  [1m[35m (0.1ms)[0m  [1m[36mbegin transaction[0m
  [1m[35mSQL (1.7ms)[0m  [1m[31mDELETE FROM "microposts" WHERE "microposts"."id" = ?[0m  [["id", 2]]
  [1m[35m (130.6ms)[0m  [1m[36mcommit transaction[0m
Redirected to http://localhost:3000/microposts
Completed 302 Found in 138ms (ActiveRecord: 132.7ms)


Started GET "/microposts" for 127.0.0.1 at 2017-08-22 18:35:49 -0300
Processing by MicropostsController#index as HTML
  Rendering microposts/index.html.erb within layouts/application
  [1m[36mMicropost Load (0.3ms)[0m  [1m[34mSELECT "microposts".* FROM "microposts"[0m
  Rendered microposts/index.html.erb within layouts/application (3.3ms)
Completed 200 OK in 40ms (Views: 37.6ms | ActiveRecord: 0.3ms)


Started DELETE "/microposts/3" for 127.0.0.1 at 2017-08-22 18:35:51 -0300
Processing by MicropostsController#destroy as HTML
  Parameters: {"authenticity_token"=>"vCxdnCDXdyNV7ZOK/WmkcPeOFq843sh34RrqYZeyMVsrzNcJzdJ4gySDMUo8F+OXqGIzncf3GsCKNZC9++EuhA==", "id"=>"3"}
  [1m[36mMicropost Load (0.3ms)[0m  [1m[34mSELECT  "microposts".* FROM "microposts" WHERE "microposts"."id" = ? LIMIT ?[0m  [["id", 3], ["LIMIT", 1]]
  [1m[35m (0.1ms)[0m  [1m[36mbegin transaction[0m
  [1m[35mSQL (0.6ms)[0m  [1m[31mDELETE FROM "microposts" WHERE "microposts"."id" = ?[0m  [["id", 3]]
  [1m[35m (119.1ms)[0m  [1m[36mcommit transaction[0m
Redirected to http://localhost:3000/microposts
Completed 302 Found in 128ms (ActiveRecord: 120.2ms)


Started GET "/microposts" for 127.0.0.1 at 2017-08-22 18:35:52 -0300
Processing by MicropostsController#index as HTML
  Rendering microposts/index.html.erb within layouts/application
  [1m[36mMicropost Load (0.6ms)[0m  [1m[34mSELECT "microposts".* FROM "microposts"[0m
  Rendered microposts/index.html.erb within layouts/application (4.1ms)
Completed 200 OK in 40ms (Views: 37.7ms | ActiveRecord: 0.6ms)


Started DELETE "/microposts/4" for 127.0.0.1 at 2017-08-22 18:35:53 -0300
Processing by MicropostsController#destroy as HTML
  Parameters: {"authenticity_token"=>"9W8zevY5Afn1ne6g85Vz8kLewe2nTkZqLsVr6stZlkVij7nvGzwOWYTzTGAy6zQVHTLk31hnlN1F6hE2pwqJmg==", "id"=>"4"}
  [1m[36mMicropost Load (0.4ms)[0m  [1m[34mSELECT  "microposts".* FROM "microposts" WHERE "microposts"."id" = ? LIMIT ?[0m  [["id", 4], ["LIMIT", 1]]
  [1m[35m (0.1ms)[0m  [1m[36mbegin transaction[0m
  [1m[35mSQL (0.4ms)[0m  [1m[31mDELETE FROM "microposts" WHERE "microposts"."id" = ?[0m  [["id", 4]]
  [1m[35m (120.7ms)[0m  [1m[36mcommit transaction[0m
Redirected to http://localhost:3000/microposts
Completed 302 Found in 128ms (ActiveRecord: 121.6ms)


Started GET "/microposts" for 127.0.0.1 at 2017-08-22 18:35:54 -0300
Processing by MicropostsController#index as HTML
  Rendering microposts/index.html.erb within layouts/application
  [1m[36mMicropost Load (0.4ms)[0m  [1m[34mSELECT "microposts".* FROM "microposts"[0m
  Rendered microposts/index.html.erb within layouts/application (3.0ms)
Completed 200 OK in 37ms (Views: 34.3ms | ActiveRecord: 0.4ms)


Started GET "/user" for 127.0.0.1 at 2017-08-22 18:35:57 -0300
  
ActionController::RoutingError (No route matches [GET] "/user"):
  
actionpack (5.1.2) lib/action_dispatch/middleware/debug_exceptions.rb:63:in `call'
web-console (3.5.1) lib/web_console/middleware.rb:135:in `call_app'
web-console (3.5.1) lib/web_console/middleware.rb:28:in `block in call'
web-console (3.5.1) lib/web_console/middleware.rb:18:in `catch'
web-console (3.5.1) lib/web_console/middleware.rb:18:in `call'
actionpack (5.1.2) lib/action_dispatch/middleware/show_exceptions.rb:31:in `call'
railties (5.1.2) lib/rails/rack/logger.rb:36:in `call_app'
railties (5.1.2) lib/rails/rack/logger.rb:24:in `block in call'
activesupport (5.1.2) lib/active_support/tagged_logging.rb:69:in `block in tagged'
activesupport (5.1.2) lib/active_support/tagged_logging.rb:26:in `tagged'
activesupport (5.1.2) lib/active_support/tagged_logging.rb:69:in `tagged'
railties (5.1.2) lib/rails/rack/logger.rb:24:in `call'
sprockets-rails (3.2.0) lib/sprockets/rails/quiet_assets.rb:13:in `call'
actionpack (5.1.2) lib/action_dispatch/middleware/remote_ip.rb:79:in `call'
actionpack (5.1.2) lib/action_dispatch/middleware/request_id.rb:25:in `call'
rack (2.0.3) lib/rack/method_override.rb:22:in `call'
rack (2.0.3) lib/rack/runtime.rb:22:in `call'
activesupport (5.1.2) lib/active_support/cache/strategy/local_cache_middleware.rb:27:in `call'
actionpack (5.1.2) lib/action_dispatch/middleware/executor.rb:12:in `call'
actionpack (5.1.2) lib/action_dispatch/middleware/static.rb:125:in `call'
rack (2.0.3) lib/rack/sendfile.rb:111:in `call'
railties (5.1.2) lib/rails/engine.rb:522:in `call'
puma (3.9.1) lib/puma/configuration.rb:224:in `call'
puma (3.9.1) lib/puma/server.rb:602:in `handle_request'
puma (3.9.1) lib/puma/server.rb:435:in `process_client'
puma (3.9.1) lib/puma/server.rb:299:in `block in run'
puma (3.9.1) lib/puma/thread_pool.rb:120:in `block in spawn_thread'
Started GET "/users" for 127.0.0.1 at 2017-08-22 18:36:00 -0300
Processing by UsersController#index as HTML
  Rendering users/index.html.erb within layouts/application
  [1m[36mUser Load (0.3ms)[0m  [1m[34mSELECT "users".* FROM "users"[0m
  Rendered users/index.html.erb within layouts/application (6.8ms)
Completed 200 OK in 43ms (Views: 41.3ms | ActiveRecord: 0.3ms)


Started DELETE "/users/1" for 127.0.0.1 at 2017-08-22 18:36:03 -0300
Processing by UsersController#destroy as HTML
  Parameters: {"authenticity_token"=>"ptw/jaGwtJDtXKty3H10M6j4z1mnANTlhlhalgjX3dsxPLUYTLW7MJwyCbIdAzPU9xTqa1gpBlLtdyBKZITCBA==", "id"=>"1"}
  [1m[36mUser Load (0.4ms)[0m  [1m[34mSELECT  "users".* FROM "users" WHERE "users"."id" = ? LIMIT ?[0m  [["id", 1], ["LIMIT", 1]]
  [1m[35m (0.2ms)[0m  [1m[36mbegin transaction[0m
  [1m[35mSQL (1.5ms)[0m  [1m[31mDELETE FROM "users" WHERE "users"."id" = ?[0m  [["id", 1]]
  [1m[35m (89.5ms)[0m  [1m[36mcommit transaction[0m
Redirected to http://localhost:3000/users
Completed 302 Found in 101ms (ActiveRecord: 91.6ms)


Started GET "/users" for 127.0.0.1 at 2017-08-22 18:36:03 -0300
Processing by UsersController#index as HTML
  Rendering users/index.html.erb within layouts/application
  [1m[36mUser Load (0.5ms)[0m  [1m[34mSELECT "users".* FROM "users"[0m
  Rendered users/index.html.erb within layouts/application (6.4ms)
Completed 200 OK in 38ms (Views: 35.6ms | ActiveRecord: 0.5ms)


Started DELETE "/users/2" for 127.0.0.1 at 2017-08-22 18:36:05 -0300
Processing by UsersController#destroy as HTML
  Parameters: {"authenticity_token"=>"QTSvCcsLEtv6b22fdsKUisBMpeZ2IiigM1lu1ibZQ4PW1CWcJg4de4sBz1+3vNNtn6CA1IkL+hdYdhQKSopcXA==", "id"=>"2"}
  [1m[36mUser Load (0.3ms)[0m  [1m[34mSELECT  "users".* FROM "users" WHERE "users"."id" = ? LIMIT ?[0m  [["id", 2], ["LIMIT", 1]]
  [1m[35m (0.3ms)[0m  [1m[36mbegin transaction[0m
  [1m[35mSQL (3.9ms)[0m  [1m[31mDELETE FROM "users" WHERE "users"."id" = ?[0m  [["id", 2]]
  [1m[35m (109.5ms)[0m  [1m[36mcommit transaction[0m
Redirected to http://localhost:3000/users
Completed 302 Found in 123ms (ActiveRecord: 114.1ms)


Started GET "/users" for 127.0.0.1 at 2017-08-22 18:36:06 -0300
Processing by UsersController#index as HTML
  Rendering users/index.html.erb within layouts/application
  [1m[36mUser Load (0.3ms)[0m  [1m[34mSELECT "users".* FROM "users"[0m
  Rendered users/index.html.erb within layouts/application (4.4ms)
Completed 200 OK in 35ms (Views: 33.4ms | ActiveRecord: 0.3ms)


Started DELETE "/users/4" for 127.0.0.1 at 2017-08-22 18:36:07 -0300
Processing by UsersController#destroy as HTML
  Parameters: {"authenticity_token"=>"GN3LZ2YfHFL/I4lxs01mGF6YEZ+icoo205Q94S0G+D+PPUHyixoT8o5NK7FyMyH/AXQ0rV1bWIG4u0c9QVXn4A==", "id"=>"4"}
  [1m[36mUser Load (0.3ms)[0m  [1m[34mSELECT  "users".* FROM "users" WHERE "users"."id" = ? LIMIT ?[0m  [["id", 4], ["LIMIT", 1]]
  [1m[35m (0.1ms)[0m  [1m[36mbegin transaction[0m
  [1m[35mSQL (0.5ms)[0m  [1m[31mDELETE FROM "users" WHERE "users"."id" = ?[0m  [["id", 4]]
  [1m[35m (146.0ms)[0m  [1m[36mcommit transaction[0m
Redirected to http://localhost:3000/users
Completed 302 Found in 152ms (ActiveRecord: 146.9ms)


Started GET "/users" for 127.0.0.1 at 2017-08-22 18:36:08 -0300
Processing by UsersController#index as HTML
  Rendering users/index.html.erb within layouts/application
  [1m[36mUser Load (0.4ms)[0m  [1m[34mSELECT "users".* FROM "users"[0m
  Rendered users/index.html.erb within layouts/application (4.5ms)
Completed 200 OK in 39ms (Views: 35.5ms | ActiveRecord: 0.4ms)


Started DELETE "/users/3" for 127.0.0.1 at 2017-08-22 18:36:10 -0300
Processing by UsersController#destroy as HTML
  Parameters: {"authenticity_token"=>"N5pHrm1EBYy8i26kyi7SKOYe3W13qyfs9UFIEh8QOiCges07gEEKLM3lzGQLUJXPufL4X4iC9VuebjLOc0Ml/w==", "id"=>"3"}
  [1m[36mUser Load (0.3ms)[0m  [1m[34mSELECT  "users".* FROM "users" WHERE "users"."id" = ? LIMIT ?[0m  [["id", 3], ["LIMIT", 1]]
  [1m[35m (0.1ms)[0m  [1m[36mbegin transaction[0m
  [1m[35mSQL (2.1ms)[0m  [1m[31mDELETE FROM "users" WHERE "users"."id" = ?[0m  [["id", 3]]
  [1m[35m (153.5ms)[0m  [1m[36mcommit transaction[0m
Redirected to http://localhost:3000/users
Completed 302 Found in 164ms (ActiveRecord: 156.1ms)


Started GET "/users" for 127.0.0.1 at 2017-08-22 18:36:10 -0300
Processing by UsersController#index as HTML
  Rendering users/index.html.erb within layouts/application
  [1m[36mUser Load (0.3ms)[0m  [1m[34mSELECT "users".* FROM "users"[0m
  Rendered users/index.html.erb within layouts/application (3.6ms)
Completed 200 OK in 33ms (Views: 30.7ms | ActiveRecord: 0.3ms)


Started DELETE "/users/6" for 127.0.0.1 at 2017-08-22 18:36:13 -0300
Processing by UsersController#destroy as HTML
  Parameters: {"authenticity_token"=>"+2kYz978c1tR+xsDqunZc0uas3zM2/9iOkuTREcsf+lsiZJaM/l8+yCVucNrl56UFHaWTjPyLdVRZOmYK39gNg==", "id"=>"6"}
  [1m[36mUser Load (0.3ms)[0m  [1m[34mSELECT  "users".* FROM "users" WHERE "users"."id" = ? LIMIT ?[0m  [["id", 6], ["LIMIT", 1]]
  [1m[35m (0.1ms)[0m  [1m[36mbegin transaction[0m
  [1m[35mSQL (0.5ms)[0m  [1m[31mDELETE FROM "users" WHERE "users"."id" = ?[0m  [["id", 6]]
  [1m[35m (147.8ms)[0m  [1m[36mcommit transaction[0m
Redirected to http://localhost:3000/users
Completed 302 Found in 156ms (ActiveRecord: 148.7ms)


Started GET "/users" for 127.0.0.1 at 2017-08-22 18:36:13 -0300
Processing by UsersController#index as HTML
  Rendering users/index.html.erb within layouts/application
  [1m[36mUser Load (0.3ms)[0m  [1m[34mSELECT "users".* FROM "users"[0m
  Rendered users/index.html.erb within layouts/application (3.8ms)
Completed 200 OK in 38ms (Views: 35.0ms | ActiveRecord: 0.3ms)


Started GET "/microposts" for 127.0.0.1 at 2017-08-22 18:48:08 -0300
Processing by MicropostsController#index as HTML
  Rendering microposts/index.html.erb within layouts/application
  [1m[36mMicropost Load (0.2ms)[0m  [1m[34mSELECT "microposts".* FROM "microposts"[0m
  Rendered microposts/index.html.erb within layouts/application (4.8ms)
Completed 200 OK in 50ms (Views: 44.4ms | ActiveRecord: 1.0ms)


Started GET "/microposts" for 127.0.0.1 at 2017-08-22 18:48:10 -0300
Processing by MicropostsController#index as HTML
  Rendering microposts/index.html.erb within layouts/application
  [1m[36mMicropost Load (0.4ms)[0m  [1m[34mSELECT "microposts".* FROM "microposts"[0m
  Rendered microposts/index.html.erb within layouts/application (2.9ms)
Completed 200 OK in 43ms (Views: 40.3ms | ActiveRecord: 0.4ms)


Started GET "/microposts/new" for 127.0.0.1 at 2017-08-22 18:48:12 -0300
Processing by MicropostsController#new as HTML
  Rendering microposts/new.html.erb within layouts/application
  Rendered microposts/_form.html.erb (18.2ms)
  Rendered microposts/new.html.erb within layouts/application (19.9ms)
Completed 200 OK in 63ms (Views: 49.5ms | ActiveRecord: 1.2ms)


Started POST "/microposts" for 127.0.0.1 at 2017-08-22 18:48:36 -0300
Processing by MicropostsController#create as HTML
  Parameters: {"utf8"=>"✓", "authenticity_token"=>"7YnzI8Sp+RIKOpyEV0SIrkWh5p+OPgP2HcojunvwcltWQbcOYBTF9yeg5jUpYz9KtJ7JiP73j1eWthogQKsPog==", "micropost"=>{"content"=>"luizfelipebasileluiozfelipebasileluizfelipebasileluizfelipebasileluizfelipebasileluiozfelipebasileluizfelipebasileluizfelipebasileluizfelipebasileluiozfelipebasileluizfelipebasileluizfelipebasileluizfelipebasileluiozfelipebasileluizfelipebasileluizfelipebasileluizfelipebasileluiozfelipebasileluizfelipebasileluizfelipebasileluizfelipebasileluiozfelipebasileluizfelipebasileluizfelipebasile", "user_id"=>""}, "commit"=>"Create Micropost"}
  [1m[35m (0.1ms)[0m  [1m[36mbegin transaction[0m
  [1m[35m (0.1ms)[0m  [1m[31mrollback transaction[0m
  Rendering microposts/new.html.erb within layouts/application
  Rendered microposts/_form.html.erb (4.2ms)
  Rendered microposts/new.html.erb within layouts/application (5.9ms)
Completed 200 OK in 42ms (Views: 35.3ms | ActiveRecord: 0.3ms)


  [1m[36mUser Load (0.3ms)[0m  [1m[34mSELECT  "users".* FROM "users" ORDER BY "users"."id" ASC LIMIT ?[0m  [["LIMIT", 1]]
Started GET "/microposts" for 127.0.0.1 at 2017-08-22 18:57:03 -0300
Processing by MicropostsController#index as HTML
  Rendering microposts/index.html.erb within layouts/application
  [1m[36mMicropost Load (0.3ms)[0m  [1m[34mSELECT "microposts".* FROM "microposts"[0m
  Rendered microposts/index.html.erb within layouts/application (5.9ms)
Completed 200 OK in 69ms (Views: 34.5ms | ActiveRecord: 1.3ms)


Started GET "/users" for 127.0.0.1 at 2017-08-22 18:57:14 -0300
Processing by UsersController#index as HTML
  Rendering users/index.html.erb within layouts/application
  [1m[36mUser Load (0.3ms)[0m  [1m[34mSELECT "users".* FROM "users"[0m
  Rendered users/index.html.erb within layouts/application (4.6ms)
Completed 200 OK in 44ms (Views: 32.5ms | ActiveRecord: 0.8ms)


Started GET "/users/new" for 127.0.0.1 at 2017-08-22 18:57:17 -0300
Processing by UsersController#new as HTML
  Rendering users/new.html.erb within layouts/application
  Rendered users/_form.html.erb (4.2ms)
  Rendered users/new.html.erb within layouts/application (5.9ms)
Completed 200 OK in 48ms (Views: 35.1ms | ActiveRecord: 0.9ms)


Started POST "/users" for 127.0.0.1 at 2017-08-22 18:57:24 -0300
Processing by UsersController#create as HTML
  Parameters: {"utf8"=>"✓", "authenticity_token"=>"YBaeoGJ1VCi7Ca7iQlsDJvanJqkUldfedr1M3VChAHt6Z3vvlBQRkZAVQ8b64R+Ye6D1X5M8G1xSWG9X1upEKQ==", "user"=>{"name"=>"luiz", "email"=>"felipe"}, "commit"=>"Create User"}
  [1m[35m (0.1ms)[0m  [1m[36mbegin transaction[0m
  [1m[35mSQL (2.3ms)[0m  [1m[32mINSERT INTO "users" ("name", "email", "created_at", "updated_at") VALUES (?, ?, ?, ?)[0m  [["name", "luiz"], ["email", "felipe"], ["created_at", "2017-08-22 21:57:24.345184"], ["updated_at", "2017-08-22 21:57:24.345184"]]
  [1m[35m (117.6ms)[0m  [1m[36mcommit transaction[0m
Redirected to http://localhost:3000/users/7
Completed 302 Found in 127ms (ActiveRecord: 120.1ms)


Started GET "/users/7" for 127.0.0.1 at 2017-08-22 18:57:24 -0300
Processing by UsersController#show as HTML
  Parameters: {"id"=>"7"}
  [1m[36mUser Load (0.4ms)[0m  [1m[34mSELECT  "users".* FROM "users" WHERE "users"."id" = ? LIMIT ?[0m  [["id", 7], ["LIMIT", 1]]
  Rendering users/show.html.erb within layouts/application
  Rendered users/show.html.erb within layouts/application (2.0ms)
Completed 200 OK in 37ms (Views: 32.4ms | ActiveRecord: 0.4ms)


Started GET "/users" for 127.0.0.1 at 2017-08-22 18:57:26 -0300
Processing by UsersController#index as HTML
  Rendering users/index.html.erb within layouts/application
  [1m[36mUser Load (0.4ms)[0m  [1m[34mSELECT "users".* FROM "users"[0m
  Rendered users/index.html.erb within layouts/application (4.9ms)
Completed 200 OK in 37ms (Views: 34.2ms | ActiveRecord: 0.4ms)


Started GET "/users/new" for 127.0.0.1 at 2017-08-22 18:57:28 -0300
Processing by UsersController#new as HTML
  Rendering users/new.html.erb within layouts/application
  Rendered users/_form.html.erb (4.4ms)
  Rendered users/new.html.erb within layouts/application (6.5ms)
Completed 200 OK in 39ms (Views: 37.6ms | ActiveRecord: 0.0ms)


Started POST "/users" for 127.0.0.1 at 2017-08-22 18:57:36 -0300
Processing by UsersController#create as HTML
  Parameters: {"utf8"=>"✓", "authenticity_token"=>"C2bbki2VVMyMo9bwinRKNrzRPTAcPdKccmEWRNqvdB8RFz7d2/QRdae/O9QyzlaIMdbuxpuUHh5WhDXOXOQwTQ==", "user"=>{"name"=>"joao", "email"=>"joao"}, "commit"=>"Create User"}
  [1m[35m (0.1ms)[0m  [1m[36mbegin transaction[0m
  [1m[35mSQL (2.0ms)[0m  [1m[32mINSERT INTO "users" ("name", "email", "created_at", "updated_at") VALUES (?, ?, ?, ?)[0m  [["name", "joao"], ["email", "joao"], ["created_at", "2017-08-22 21:57:36.757800"], ["updated_at", "2017-08-22 21:57:36.757800"]]
  [1m[35m (131.0ms)[0m  [1m[36mcommit transaction[0m
Redirected to http://localhost:3000/users/8
Completed 302 Found in 142ms (ActiveRecord: 133.1ms)


Started GET "/users/8" for 127.0.0.1 at 2017-08-22 18:57:36 -0300
Processing by UsersController#show as HTML
  Parameters: {"id"=>"8"}
  [1m[36mUser Load (0.3ms)[0m  [1m[34mSELECT  "users".* FROM "users" WHERE "users"."id" = ? LIMIT ?[0m  [["id", 8], ["LIMIT", 1]]
  Rendering users/show.html.erb within layouts/application
  Rendered users/show.html.erb within layouts/application (1.5ms)
Completed 200 OK in 37ms (Views: 32.6ms | ActiveRecord: 0.3ms)


Started GET "/microposts" for 127.0.0.1 at 2017-08-22 18:57:43 -0300
Processing by MicropostsController#index as HTML
  Rendering microposts/index.html.erb within layouts/application
  [1m[36mMicropost Load (0.3ms)[0m  [1m[34mSELECT "microposts".* FROM "microposts"[0m
  Rendered microposts/index.html.erb within layouts/application (3.1ms)
Completed 200 OK in 37ms (Views: 34.2ms | ActiveRecord: 0.3ms)


Started GET "/microposts" for 127.0.0.1 at 2017-08-22 18:59:14 -0300
Processing by MicropostsController#index as HTML
  Rendering microposts/index.html.erb within layouts/application
  [1m[36mMicropost Load (0.4ms)[0m  [1m[34mSELECT "microposts".* FROM "microposts"[0m
  Rendered microposts/index.html.erb within layouts/application (3.1ms)
Completed 200 OK in 36ms (Views: 33.5ms | ActiveRecord: 0.4ms)


Started GET "/microposts/new" for 127.0.0.1 at 2017-08-22 18:59:16 -0300
Processing by MicropostsController#new as HTML
  Rendering microposts/new.html.erb within layouts/application
  Rendered microposts/_form.html.erb (4.3ms)
  Rendered microposts/new.html.erb within layouts/application (6.1ms)
Completed 200 OK in 49ms (Views: 34.7ms | ActiveRecord: 0.7ms)


Started POST "/microposts" for 127.0.0.1 at 2017-08-22 18:59:29 -0300
Processing by MicropostsController#create as HTML
  Parameters: {"utf8"=>"✓", "authenticity_token"=>"Sxf1Gc5fSVQdsuHwHt1TAoVbrGLwFM4dduZGrVZLI63w37E0auJ1sTAom0Fg+uTmdGSDdYDdQrz9mn83bRBeVA==", "micropost"=>{"content"=>"content", "user_id"=>"1"}, "commit"=>"Create Micropost"}
  [1m[35m (0.2ms)[0m  [1m[36mbegin transaction[0m
  [1m[36mUser Load (0.3ms)[0m  [1m[34mSELECT  "users".* FROM "users" WHERE "users"."id" = ? LIMIT ?[0m  [["id", 1], ["LIMIT", 1]]
  [1m[35m (0.2ms)[0m  [1m[31mrollback transaction[0m
  Rendering microposts/new.html.erb within layouts/application
  Rendered microposts/_form.html.erb (3.9ms)
  Rendered microposts/new.html.erb within layouts/application (5.7ms)
Completed 200 OK in 88ms (Views: 36.2ms | ActiveRecord: 0.6ms)


Started POST "/microposts" for 127.0.0.1 at 2017-08-22 18:59:58 -0300
Processing by MicropostsController#create as HTML
  Parameters: {"utf8"=>"✓", "authenticity_token"=>"4pO6Jaaoy7V3xcAwmtvBEFNStY2sG689p3mzcLAssIt1czCwS63EFQarYvBbpYb3DL6Qv1MyfYrMVsms3H+vVA==", "micropost"=>{"content"=>"content", "user_id"=>"6"}, "commit"=>"Create Micropost"}
  [1m[35m (0.1ms)[0m  [1m[36mbegin transaction[0m
  [1m[36mUser Load (0.1ms)[0m  [1m[34mSELECT  "users".* FROM "users" WHERE "users"."id" = ? LIMIT ?[0m  [["id", 6], ["LIMIT", 1]]
  [1m[35m (0.1ms)[0m  [1m[31mrollback transaction[0m
  Rendering microposts/new.html.erb within layouts/application
  Rendered microposts/_form.html.erb (4.0ms)
  Rendered microposts/new.html.erb within layouts/application (6.2ms)
Completed 200 OK in 41ms (Views: 34.6ms | ActiveRecord: 0.4ms)


Started POST "/microposts" for 127.0.0.1 at 2017-08-22 19:00:03 -0300
Processing by MicropostsController#create as HTML
  Parameters: {"utf8"=>"✓", "authenticity_token"=>"4ZtLkh346OqANf7ATndULSRnjLx0yI/MfAfS6ewWGnJ2e8EH8P3nSvFbXACPCRPKe4upjovhXXsXKKg1gEUFrQ==", "micropost"=>{"content"=>"content", "user_id"=>"7"}, "commit"=>"Create Micropost"}
  [1m[35m (0.2ms)[0m  [1m[36mbegin transaction[0m
  [1m[36mUser Load (0.2ms)[0m  [1m[34mSELECT  "users".* FROM "users" WHERE "users"."id" = ? LIMIT ?[0m  [["id", 7], ["LIMIT", 1]]
  [1m[35mSQL (0.6ms)[0m  [1m[32mINSERT INTO "microposts" ("content", "user_id", "created_at", "updated_at") VALUES (?, ?, ?, ?)[0m  [["content", "content"], ["user_id", 7], ["created_at", "2017-08-22 22:00:03.381664"], ["updated_at", "2017-08-22 22:00:03.381664"]]
  [1m[35m (117.9ms)[0m  [1m[36mcommit transaction[0m
Redirected to http://localhost:3000/microposts/7
Completed 302 Found in 130ms (ActiveRecord: 118.9ms)


Started GET "/microposts/7" for 127.0.0.1 at 2017-08-22 19:00:03 -0300
Processing by MicropostsController#show as HTML
  Parameters: {"id"=>"7"}
  [1m[36mMicropost Load (0.5ms)[0m  [1m[34mSELECT  "microposts".* FROM "microposts" WHERE "microposts"."id" = ? LIMIT ?[0m  [["id", 7], ["LIMIT", 1]]
  Rendering microposts/show.html.erb within layouts/application
  Rendered microposts/show.html.erb within layouts/application (1.5ms)
Completed 200 OK in 40ms (Views: 35.3ms | ActiveRecord: 0.5ms)


Started GET "/users" for 127.0.0.1 at 2017-08-22 19:00:49 -0300
Processing by UsersController#index as HTML
  Rendering users/index.html.erb within layouts/application
  [1m[36mUser Load (0.4ms)[0m  [1m[34mSELECT "users".* FROM "users"[0m
  Rendered users/index.html.erb within layouts/application (5.3ms)
Completed 200 OK in 37ms (Views: 34.7ms | ActiveRecord: 0.4ms)


Started GET "/users/7" for 127.0.0.1 at 2017-08-22 19:00:52 -0300
Processing by UsersController#show as HTML
  Parameters: {"id"=>"7"}
  [1m[36mUser Load (0.2ms)[0m  [1m[34mSELECT  "users".* FROM "users" WHERE "users"."id" = ? LIMIT ?[0m  [["id", 7], ["LIMIT", 1]]
  Rendering users/show.html.erb within layouts/application
  Rendered users/show.html.erb within layouts/application (1.3ms)
Completed 200 OK in 54ms (Views: 51.4ms | ActiveRecord: 0.2ms)


Started GET "/users/7" for 127.0.0.1 at 2017-08-22 19:04:03 -0300
Processing by UsersController#show as HTML
  Parameters: {"id"=>"7"}
  [1m[36mUser Load (0.3ms)[0m  [1m[34mSELECT  "users".* FROM "users" WHERE "users"."id" = ? LIMIT ?[0m  [["id", 7], ["LIMIT", 1]]
  Rendering users/show.html.erb within layouts/application
  Rendered users/show.html.erb within layouts/application (4.3ms)
Completed 500 Internal Server Error in 11ms (ActiveRecord: 0.3ms)


  
ActionView::Template::Error (undefined method `content' for nil:NilClass):
    12: 
    13: <p>
    14:   <strong>Content:</strong>
    15:   <%= @micropost.content %>
    16: </p>
    17: 
    18: <%= link_to 'Edit', edit_user_path(@user) %> |
  
app/views/users/show.html.erb:15:in `_app_views_users_show_html_erb__4254974656554295742_70064775569420'
Started GET "/microposts/new" for 127.0.0.1 at 2017-08-22 19:05:02 -0300
Processing by MicropostsController#new as HTML
  Rendering microposts/new.html.erb within layouts/application
  Rendered microposts/_form.html.erb (5.6ms)
  Rendered microposts/new.html.erb within layouts/application (7.8ms)
Completed 200 OK in 40ms (Views: 38.0ms | ActiveRecord: 0.0ms)


Started GET "/microposts" for 127.0.0.1 at 2017-08-22 19:05:02 -0300
Processing by MicropostsController#index as HTML
  Rendering microposts/index.html.erb within layouts/application
  [1m[36mMicropost Load (0.3ms)[0m  [1m[34mSELECT "microposts".* FROM "microposts"[0m
  Rendered microposts/index.html.erb within layouts/application (3.5ms)
Completed 200 OK in 36ms (Views: 33.7ms | ActiveRecord: 0.3ms)


Started GET "/users/new" for 127.0.0.1 at 2017-08-22 19:05:09 -0300
Processing by UsersController#new as HTML
  Rendering users/new.html.erb within layouts/application
  Rendered users/_form.html.erb (3.8ms)
  Rendered users/new.html.erb within layouts/application (6.7ms)
Completed 200 OK in 40ms (Views: 37.0ms | ActiveRecord: 0.0ms)


Started GET "/microposts" for 127.0.0.1 at 2017-08-22 19:05:14 -0300
Processing by MicropostsController#index as HTML
  Rendering microposts/index.html.erb within layouts/application
  [1m[36mMicropost Load (0.6ms)[0m  [1m[34mSELECT "microposts".* FROM "microposts"[0m
  Rendered microposts/index.html.erb within layouts/application (3.9ms)
Completed 200 OK in 51ms (Views: 47.5ms | ActiveRecord: 0.6ms)


Started GET "/microposts/new" for 127.0.0.1 at 2017-08-22 19:05:17 -0300
Processing by MicropostsController#new as HTML
  Rendering microposts/new.html.erb within layouts/application
  Rendered microposts/_form.html.erb (4.8ms)
  Rendered microposts/new.html.erb within layouts/application (6.9ms)
Completed 200 OK in 35ms (Views: 32.8ms | ActiveRecord: 0.0ms)


Started POST "/microposts" for 127.0.0.1 at 2017-08-22 19:05:24 -0300
Processing by MicropostsController#create as HTML
  Parameters: {"utf8"=>"✓", "authenticity_token"=>"Q9HcIZUWjFbBiK9fCbw7qtBQTp0pxLrMjcfL7qY/3pv4GZgMMauws+wS1e53m4xOIW9hilkNNm0Gu/J0nWSjYg==", "micropost"=>{"content"=>"oola", "user_id"=>"7"}, "commit"=>"Create Micropost"}
  [1m[35m (0.2ms)[0m  [1m[36mbegin transaction[0m
  [1m[36mUser Load (0.2ms)[0m  [1m[34mSELECT  "users".* FROM "users" WHERE "users"."id" = ? LIMIT ?[0m  [["id", 7], ["LIMIT", 1]]
  [1m[35mSQL (1.6ms)[0m  [1m[32mINSERT INTO "microposts" ("content", "user_id", "created_at", "updated_at") VALUES (?, ?, ?, ?)[0m  [["content", "oola"], ["user_id", 7], ["created_at", "2017-08-22 22:05:24.665167"], ["updated_at", "2017-08-22 22:05:24.665167"]]
  [1m[35m (63.5ms)[0m  [1m[36mcommit transaction[0m
Redirected to http://localhost:3000/microposts/8
Completed 302 Found in 78ms (ActiveRecord: 65.5ms)


Started GET "/microposts/8" for 127.0.0.1 at 2017-08-22 19:05:24 -0300
Processing by MicropostsController#show as HTML
  Parameters: {"id"=>"8"}
  [1m[36mMicropost Load (0.3ms)[0m  [1m[34mSELECT  "microposts".* FROM "microposts" WHERE "microposts"."id" = ? LIMIT ?[0m  [["id", 8], ["LIMIT", 1]]
  Rendering microposts/show.html.erb within layouts/application
  Rendered microposts/show.html.erb within layouts/application (1.9ms)
Completed 200 OK in 35ms (Views: 31.1ms | ActiveRecord: 0.3ms)


Started GET "/microposts/8/edit" for 127.0.0.1 at 2017-08-22 19:05:39 -0300
Processing by MicropostsController#edit as HTML
  Parameters: {"id"=>"8"}
  [1m[36mMicropost Load (0.3ms)[0m  [1m[34mSELECT  "microposts".* FROM "microposts" WHERE "microposts"."id" = ? LIMIT ?[0m  [["id", 8], ["LIMIT", 1]]
  Rendering microposts/edit.html.erb within layouts/application
  Rendered microposts/_form.html.erb (3.6ms)
  Rendered microposts/edit.html.erb within layouts/application (5.4ms)
Completed 200 OK in 47ms (Views: 42.7ms | ActiveRecord: 0.3ms)


Started GET "/microposts" for 127.0.0.1 at 2017-08-22 19:07:08 -0300
Processing by MicropostsController#index as HTML
  Rendering microposts/index.html.erb within layouts/application
  [1m[36mMicropost Load (0.3ms)[0m  [1m[34mSELECT "microposts".* FROM "microposts"[0m
  Rendered microposts/index.html.erb within layouts/application (3.1ms)
Completed 200 OK in 39ms (Views: 37.5ms | ActiveRecord: 0.3ms)


Started GET "/microposts/7" for 127.0.0.1 at 2017-08-22 19:07:22 -0300
Processing by MicropostsController#show as HTML
  Parameters: {"id"=>"7"}
  [1m[36mMicropost Load (0.2ms)[0m  [1m[34mSELECT  "microposts".* FROM "microposts" WHERE "microposts"."id" = ? LIMIT ?[0m  [["id", 7], ["LIMIT", 1]]
  Rendering microposts/show.html.erb within layouts/application
  Rendered microposts/show.html.erb within layouts/application (1.7ms)
Completed 200 OK in 36ms (Views: 33.2ms | ActiveRecord: 0.2ms)


Started GET "/users" for 127.0.0.1 at 2017-08-22 19:07:34 -0300
Processing by UsersController#index as HTML
  Rendering users/index.html.erb within layouts/application
  [1m[36mUser Load (0.4ms)[0m  [1m[34mSELECT "users".* FROM "users"[0m
  Rendered users/index.html.erb within layouts/application (5.9ms)
Completed 200 OK in 38ms (Views: 35.4ms | ActiveRecord: 0.4ms)


Started GET "/users/7" for 127.0.0.1 at 2017-08-22 19:07:36 -0300
Processing by UsersController#show as HTML
  Parameters: {"id"=>"7"}
  [1m[36mUser Load (0.3ms)[0m  [1m[34mSELECT  "users".* FROM "users" WHERE "users"."id" = ? LIMIT ?[0m  [["id", 7], ["LIMIT", 1]]
  Rendering users/show.html.erb within layouts/application
  Rendered users/show.html.erb within layouts/application (5.8ms)
Completed 500 Internal Server Error in 14ms (ActiveRecord: 0.3ms)


  
ActionView::Template::Error (undefined method `user_id' for nil:NilClass):
    12: 
    13: <p>
    14:   <strong>User:</strong>
    15:   <%= @micropost.user_id %>
    16: </p>
    17: <%= link_to 'Edit', edit_user_path(@user) %> |
    18: <%= link_to 'Back', users_path %>
  
app/views/users/show.html.erb:15:in `_app_views_users_show_html_erb__4254974656554295742_70064749565160'
Started GET "/users/7" for 127.0.0.1 at 2017-08-22 19:10:37 -0300
Processing by UsersController#show as HTML
  Parameters: {"id"=>"7"}
  [1m[36mUser Load (0.3ms)[0m  [1m[34mSELECT  "users".* FROM "users" WHERE "users"."id" = ? LIMIT ?[0m  [["id", 7], ["LIMIT", 1]]
  Rendering users/show.html.erb within layouts/application
  Rendered users/show.html.erb within layouts/application (4.9ms)
Completed 500 Internal Server Error in 28ms (ActiveRecord: 1.6ms)


  
ActionView::Template::Error (undefined method `user_id' for nil:NilClass):
    12: 
    13: <p>
    14:   <strong>User:</strong>
    15:   <%= @micropost.user_id %>
    16: </p>
    17: <%= link_to 'Edit', edit_user_path(@user) %> |
    18: <%= link_to 'Back', users_path %>
  
app/views/users/show.html.erb:15:in `_app_views_users_show_html_erb__4254974656554295742_70064756582380'
Started GET "/users/7" for 127.0.0.1 at 2017-08-22 19:10:41 -0300
Processing by UsersController#show as HTML
  Parameters: {"id"=>"7"}
  [1m[36mUser Load (0.3ms)[0m  [1m[34mSELECT  "users".* FROM "users" WHERE "users"."id" = ? LIMIT ?[0m  [["id", 7], ["LIMIT", 1]]
  Rendering users/show.html.erb within layouts/application
  Rendered users/show.html.erb within layouts/application (4.2ms)
Completed 500 Internal Server Error in 9ms (ActiveRecord: 0.3ms)


  
ActionView::Template::Error (undefined method `user_id' for nil:NilClass):
    12: 
    13: <p>
    14:   <strong>User:</strong>
    15:   <%= @micropost.user_id %>
    16: </p>
    17: <%= link_to 'Edit', edit_user_path(@user) %> |
    18: <%= link_to 'Back', users_path %>
  
app/views/users/show.html.erb:15:in `_app_views_users_show_html_erb__4254974656554295742_70064775294100'
Started GET "/users/7" for 127.0.0.1 at 2017-08-22 19:11:07 -0300
Processing by UsersController#show as HTML
  Parameters: {"id"=>"7"}
  [1m[36mUser Load (0.3ms)[0m  [1m[34mSELECT  "users".* FROM "users" WHERE "users"."id" = ? LIMIT ?[0m  [["id", 7], ["LIMIT", 1]]
  Rendering users/show.html.erb within layouts/application
  Rendered users/show.html.erb within layouts/application (1.2ms)
Completed 200 OK in 33ms (Views: 28.9ms | ActiveRecord: 0.3ms)


Started GET "/users/7" for 127.0.0.1 at 2017-08-22 19:13:04 -0300
Processing by UsersController#show as HTML
  Parameters: {"id"=>"7"}
  [1m[36mUser Load (0.4ms)[0m  [1m[34mSELECT  "users".* FROM "users" WHERE "users"."id" = ? LIMIT ?[0m  [["id", 7], ["LIMIT", 1]]
  Rendering users/show.html.erb within layouts/application
  Rendered users/show.html.erb within layouts/application (5.1ms)
Completed 500 Internal Server Error in 29ms (ActiveRecord: 1.8ms)


  
ActionView::Template::Error (undefined method `content' for nil:NilClass):
    11: </p>
    12: <p>
    13:   <strong>Content:</strong>
    14:   <%= @micropost.content %>
    15: </p>
    16: 
    17: <%= link_to 'Edit', edit_user_path(@user) %> |
  
app/views/users/show.html.erb:14:in `_app_views_users_show_html_erb__4254974656554295742_39537840'
Started GET "/users/7" for 127.0.0.1 at 2017-08-22 19:17:47 -0300
Processing by UsersController#show as HTML
  Parameters: {"id"=>"7"}
  [1m[36mUser Load (0.3ms)[0m  [1m[34mSELECT  "users".* FROM "users" WHERE "users"."id" = ? LIMIT ?[0m  [["id", 7], ["LIMIT", 1]]
  Rendering users/show.html.erb within layouts/application
  Rendered users/show.html.erb within layouts/application (6.0ms)
Completed 500 Internal Server Error in 14ms (ActiveRecord: 0.3ms)


  
ActionView::Template::Error (undefined method `microposts' for nil:NilClass):
    11: </p>
    12: <p>
    13:   <strong>Content:</strong>
    14:   <%= @first_user.microposts.first  %>
    15: </p>
    16: 
    17: <%= link_to 'Edit', edit_user_path(@user) %> |
  
app/views/users/show.html.erb:14:in `_app_views_users_show_html_erb__4254974656554295742_34560720'
Started GET "/users/7" for 127.0.0.1 at 2017-08-22 19:18:02 -0300
Processing by UsersController#show as HTML
  Parameters: {"id"=>"7"}
  [1m[36mUser Load (0.3ms)[0m  [1m[34mSELECT  "users".* FROM "users" WHERE "users"."id" = ? LIMIT ?[0m  [["id", 7], ["LIMIT", 1]]
  Rendering users/show.html.erb within layouts/application
  Rendered users/show.html.erb within layouts/application (2.6ms)
Completed 200 OK in 38ms (Views: 34.0ms | ActiveRecord: 0.3ms)


Started GET "/users/7" for 127.0.0.1 at 2017-08-22 19:18:17 -0300
Processing by UsersController#show as HTML
  Parameters: {"id"=>"7"}
  [1m[36mUser Load (0.3ms)[0m  [1m[34mSELECT  "users".* FROM "users" WHERE "users"."id" = ? LIMIT ?[0m  [["id", 7], ["LIMIT", 1]]
  Rendering users/show.html.erb within layouts/application
  [1m[36mMicropost Load (0.3ms)[0m  [1m[34mSELECT  "microposts".* FROM "microposts" WHERE "microposts"."user_id" = ? ORDER BY "microposts"."id" ASC LIMIT ?[0m  [["user_id", 7], ["LIMIT", 1]]
  Rendered users/show.html.erb within layouts/application (44.1ms)
Completed 200 OK in 79ms (Views: 74.0ms | ActiveRecord: 1.6ms)


Started GET "/users/7" for 127.0.0.1 at 2017-08-22 19:18:46 -0300
Processing by UsersController#show as HTML
  Parameters: {"id"=>"7"}
  [1m[36mUser Load (0.4ms)[0m  [1m[34mSELECT  "users".* FROM "users" WHERE "users"."id" = ? LIMIT ?[0m  [["id", 7], ["LIMIT", 1]]
  Rendering users/show.html.erb within layouts/application
  Rendered users/show.html.erb within layouts/application (3.4ms)
Completed 200 OK in 36ms (Views: 32.0ms | ActiveRecord: 0.4ms)


Started GET "/users/7" for 127.0.0.1 at 2017-08-22 19:25:58 -0300
Processing by UsersController#show as HTML
  Parameters: {"id"=>"7"}
  [1m[36mUser Load (0.3ms)[0m  [1m[34mSELECT  "users".* FROM "users" WHERE "users"."id" = ? LIMIT ?[0m  [["id", 7], ["LIMIT", 1]]
  Rendering users/show.html.erb within layouts/application
  [1m[36mMicropost Load (0.3ms)[0m  [1m[34mSELECT  "microposts".* FROM "microposts" WHERE "microposts"."user_id" = ? ORDER BY "microposts"."id" ASC LIMIT ?[0m  [["user_id", 7], ["LIMIT", 1]]
  Rendered users/show.html.erb within layouts/application (3.6ms)
Completed 200 OK in 35ms (Views: 31.8ms | ActiveRecord: 0.6ms)


Started GET "/users" for 127.0.0.1 at 2017-08-22 19:28:37 -0300
Processing by UsersController#index as HTML
  Rendering users/index.html.erb within layouts/application
  [1m[36mUser Load (0.3ms)[0m  [1m[34mSELECT "users".* FROM "users"[0m
  Rendered users/index.html.erb within layouts/application (4.6ms)
Completed 200 OK in 38ms (Views: 35.0ms | ActiveRecord: 0.3ms)


Started GET "/microposts" for 127.0.0.1 at 2017-08-22 19:28:43 -0300
Processing by MicropostsController#index as HTML
  Rendering microposts/index.html.erb within layouts/application
  [1m[36mMicropost Load (0.3ms)[0m  [1m[34mSELECT "microposts".* FROM "microposts"[0m
  Rendered microposts/index.html.erb within layouts/application (3.6ms)
Completed 200 OK in 46ms (Views: 43.2ms | ActiveRecord: 0.3ms)


Started GET "/microposts/new" for 127.0.0.1 at 2017-08-22 19:28:45 -0300
Processing by MicropostsController#new as HTML
  Rendering microposts/new.html.erb within layouts/application
  Rendered microposts/_form.html.erb (4.2ms)
  Rendered microposts/new.html.erb within layouts/application (7.2ms)
Completed 200 OK in 42ms (Views: 38.7ms | ActiveRecord: 0.0ms)


Started POST "/microposts" for 127.0.0.1 at 2017-08-22 19:28:47 -0300
Processing by MicropostsController#create as HTML
  Parameters: {"utf8"=>"✓", "authenticity_token"=>"nZwbveq6dwo6XSzccQMot3Obs3ipaPPc6FKrUYV9Kv4mVF+QTgdL7xfHVm0PJJ9TgqScb9mhf31jLpLLviZXBw==", "micropost"=>{"content"=>"", "user_id"=>""}, "commit"=>"Create Micropost"}
  [1m[35m (0.2ms)[0m  [1m[36mbegin transaction[0m
  [1m[35m (0.1ms)[0m  [1m[31mrollback transaction[0m
  Rendering microposts/new.html.erb within layouts/application
  Rendered microposts/_form.html.erb (5.2ms)
  Rendered microposts/new.html.erb within layouts/application (7.4ms)
Completed 200 OK in 47ms (Views: 41.3ms | ActiveRecord: 0.3ms)


Started POST "/microposts" for 127.0.0.1 at 2017-08-22 19:28:53 -0300
Processing by MicropostsController#create as HTML
  Parameters: {"utf8"=>"✓", "authenticity_token"=>"yFG88rjnAXUAXQkhRycjIXCJL5yZM6X6+li5L86jFplfsTZnVeIO1XEzq+GGWWTGL2UKrmYad02Rd8PzovAJRg==", "micropost"=>{"content"=>"", "user_id"=>"7"}, "commit"=>"Create Micropost"}
  [1m[35m (0.2ms)[0m  [1m[36mbegin transaction[0m
  [1m[36mUser Load (0.3ms)[0m  [1m[34mSELECT  "users".* FROM "users" WHERE "users"."id" = ? LIMIT ?[0m  [["id", 7], ["LIMIT", 1]]
  [1m[35mSQL (0.5ms)[0m  [1m[32mINSERT INTO "microposts" ("content", "user_id", "created_at", "updated_at") VALUES (?, ?, ?, ?)[0m  [["content", ""], ["user_id", 7], ["created_at", "2017-08-22 22:28:53.174231"], ["updated_at", "2017-08-22 22:28:53.174231"]]
  [1m[35m (72.6ms)[0m  [1m[36mcommit transaction[0m
Redirected to http://localhost:3000/microposts/9
Completed 302 Found in 89ms (ActiveRecord: 73.6ms)


Started GET "/microposts/9" for 127.0.0.1 at 2017-08-22 19:28:53 -0300
Processing by MicropostsController#show as HTML
  Parameters: {"id"=>"9"}
  [1m[36mMicropost Load (0.6ms)[0m  [1m[34mSELECT  "microposts".* FROM "microposts" WHERE "microposts"."id" = ? LIMIT ?[0m  [["id", 9], ["LIMIT", 1]]
  Rendering microposts/show.html.erb within layouts/application
  Rendered microposts/show.html.erb within layouts/application (1.5ms)
Completed 200 OK in 55ms (Views: 48.1ms | ActiveRecord: 0.6ms)


Started GET "/microposts/" for 127.0.0.1 at 2017-08-22 19:30:28 -0300
Processing by MicropostsController#index as HTML
  Rendering microposts/index.html.erb within layouts/application
  [1m[36mMicropost Load (0.4ms)[0m  [1m[34mSELECT "microposts".* FROM "microposts"[0m
  Rendered microposts/index.html.erb within layouts/application (5.0ms)
Completed 200 OK in 38ms (Views: 34.0ms | ActiveRecord: 0.4ms)


Started GET "/microposts/new" for 127.0.0.1 at 2017-08-22 19:30:38 -0300
Processing by MicropostsController#new as HTML
  Rendering microposts/new.html.erb within layouts/application
  Rendered microposts/_form.html.erb (4.3ms)
  Rendered microposts/new.html.erb within layouts/application (6.4ms)
Completed 200 OK in 45ms (Views: 42.5ms | ActiveRecord: 0.0ms)


Started POST "/microposts" for 127.0.0.1 at 2017-08-22 19:30:42 -0300
Processing by MicropostsController#create as HTML
  Parameters: {"utf8"=>"✓", "authenticity_token"=>"n1tU/xyvoje5XGDurEParpVl5aeL72i19ojv8xzy7z8kkxDSuBKe0pTGGl/SZG1KZFrKsPsm5BR99NZpJ6mSxg==", "micropost"=>{"content"=>"", "user_id"=>""}, "commit"=>"Create Micropost"}
  [1m[35m (0.2ms)[0m  [1m[36mbegin transaction[0m
  [1m[35m (0.1ms)[0m  [1m[31mrollback transaction[0m
  Rendering microposts/new.html.erb within layouts/application
  Rendered microposts/_form.html.erb (4.5ms)
  Rendered microposts/new.html.erb within layouts/application (6.8ms)
Completed 200 OK in 42ms (Views: 35.5ms | ActiveRecord: 0.3ms)


Started GET "/users" for 127.0.0.1 at 2017-08-22 19:35:14 -0300
Processing by UsersController#index as HTML
Completed 500 Internal Server Error in 28ms


  
NameError (undefined local variable or method `email' for User (call 'User.connection' to establish a connection):Class):
  
app/models/user.rb:4:in `<class:User>'
app/models/user.rb:1:in `<top (required)>'
app/controllers/users_controller.rb:9:in `index'
Started GET "/users" for 127.0.0.1 at 2017-08-22 19:35:47 -0300
Processing by UsersController#index as HTML
Completed 500 Internal Server Error in 32ms


  
NameError (undefined local variable or method `content' for User (call 'User.connection' to establish a connection):Class
Did you mean?  const_set):
  
app/models/user.rb:3:in `<class:User>'
app/models/user.rb:1:in `<top (required)>'
app/controllers/users_controller.rb:9:in `index'
Started GET "/users" for 127.0.0.1 at 2017-08-22 19:37:16 -0300
Processing by UsersController#index as HTML
  Rendering users/index.html.erb within layouts/application
  [1m[36mUser Load (0.3ms)[0m  [1m[34mSELECT "users".* FROM "users"[0m
  Rendered users/index.html.erb within layouts/application (16.3ms)
Completed 200 OK in 56ms (Views: 46.3ms | ActiveRecord: 1.9ms)


Started GET "/users/new" for 127.0.0.1 at 2017-08-22 19:37:18 -0300
Processing by UsersController#new as HTML
  Rendering users/new.html.erb within layouts/application
  Rendered users/_form.html.erb (3.7ms)
  Rendered users/new.html.erb within layouts/application (10.0ms)
Completed 200 OK in 48ms (Views: 45.4ms | ActiveRecord: 0.0ms)


Started POST "/users" for 127.0.0.1 at 2017-08-22 19:37:20 -0300
Processing by UsersController#create as HTML
  Parameters: {"utf8"=>"✓", "authenticity_token"=>"4MvAemtl+gtvsBTVU+bGHECWXYZvgrCer6D8bhAk+0n6uiU1nQS/skSs+fHrXNqizZGOcOgrfByLRd/klm+/Gw==", "user"=>{"name"=>"", "email"=>""}, "commit"=>"Create User"}
  [1m[35m (0.2ms)[0m  [1m[36mbegin transaction[0m
  [1m[35m (0.1ms)[0m  [1m[31mrollback transaction[0m
Completed 500 Internal Server Error in 21ms (ActiveRecord: 0.3ms)


  
NoMethodError (undefined method `content' for #<User:0x000000044525f0>):
  
app/controllers/users_controller.rb:33:in `block in create'
app/controllers/users_controller.rb:32:in `create'
Started GET "/users" for 127.0.0.1 at 2017-08-22 19:37:57 -0300
Processing by UsersController#index as HTML
  Rendering users/index.html.erb within layouts/application
  [1m[36mUser Load (0.3ms)[0m  [1m[34mSELECT "users".* FROM "users"[0m
  Rendered users/index.html.erb within layouts/application (16.0ms)
Completed 200 OK in 56ms (Views: 46.1ms | ActiveRecord: 1.9ms)


Started GET "/users/new" for 127.0.0.1 at 2017-08-22 19:37:59 -0300
Processing by UsersController#new as HTML
  Rendering users/new.html.erb within layouts/application
  Rendered users/_form.html.erb (3.6ms)
  Rendered users/new.html.erb within layouts/application (5.5ms)
Completed 200 OK in 44ms (Views: 41.2ms | ActiveRecord: 0.0ms)


Started POST "/users" for 127.0.0.1 at 2017-08-22 19:38:01 -0300
Processing by UsersController#create as HTML
  Parameters: {"utf8"=>"✓", "authenticity_token"=>"LYqJuQoSeeEYCsRZwAJ4gC4ldi82tGPY/ab2jAF/JAM3+2z2/HM8WDMWKX14uGQ+oyKl2bEdr1rZQ9UGhzRgUQ==", "user"=>{"name"=>"", "email"=>""}, "commit"=>"Create User"}
  [1m[35m (0.2ms)[0m  [1m[36mbegin transaction[0m
  [1m[35m (0.1ms)[0m  [1m[31mrollback transaction[0m
  Rendering users/new.html.erb within layouts/application
  Rendered users/_form.html.erb (6.8ms)
  Rendered users/new.html.erb within layouts/application (9.0ms)
Completed 200 OK in 65ms (Views: 56.5ms | ActiveRecord: 0.3ms)


